{
  "stats": {
    "suites": 3,
    "tests": 30,
    "passes": 30,
    "pending": 0,
    "failures": 0,
    "start": "2020-07-24T14:10:35.409Z",
    "end": "2020-07-24T14:10:35.409Z",
    "duration": 118718,
    "testsRegistered": 30,
    "passPercent": 100,
    "pendingPercent": 0,
    "other": 0,
    "hasOther": false,
    "skipped": 0,
    "hasSkipped": false
  },
  "results": [
    {
      "uuid": "07734824-b071-43e5-b457-4abf4f93dde4",
      "title": "",
      "fullFile": "cypress\\integration\\Profils\\Marié.spec.js",
      "file": "cypress\\integration\\Profils\\Marié.spec.js",
      "beforeHooks": [],
      "afterHooks": [],
      "tests": [],
      "suites": [
        {
          "uuid": "3188e114-e87b-453f-9703-864a2918309d",
          "title": "Parcours des mariés",
          "fullFile": "",
          "file": "",
          "beforeHooks": [],
          "afterHooks": [],
          "tests": [
            {
              "title": "Etape 1 : Sélection du type de crédit",
              "fullTitle": "Parcours des mariés Etape 1 : Sélection du type de crédit",
              "timedOut": null,
              "duration": 11142,
              "state": "passed",
              "speed": "slow",
              "pass": true,
              "fail": false,
              "pending": false,
              "context": null,
              "code": "cy.get('#projectSelect').select(jddCelib.projet).should('contain', 'Déménagement');\ncy.get('#amount').select(jddCelib.montantPrêt).should('contain', '3500 €');\ncy.get('#creditMaturity').select(jddCelib.maturitéCrédit).should('contain', '24 mois');\ncy.get('#simulator_1 > .simulator > .simulator-select  > .btn').click();\ncy.url().should('include', '/email');\ncy.get(\"h2\").should('contain', 'Découvrez votre offre de prêt de');",
              "err": {},
              "uuid": "77594b0f-31e8-48ee-bdf3-61542e4fbe03",
              "parentUUID": "3188e114-e87b-453f-9703-864a2918309d",
              "isHook": false,
              "skipped": false
            },
            {
              "title": "Etape 2 : Renseignement du mail",
              "fullTitle": "Parcours des mariés Etape 2 : Renseignement du mail",
              "timedOut": null,
              "duration": 2849,
              "state": "passed",
              "speed": "slow",
              "pass": true,
              "fail": false,
              "pending": false,
              "context": null,
              "code": "cy.get('#email-input').type(jddCelib.mail).should('have.value', jddCelib.mail);\ncy.wait(2000);\ncy.get('[data-di-id=\"di-id-8c30ab93-a687b9f3\"]').click();\ncy.url().should('include', '/familysituation');\ncy.get(\"h2\").should('contain', 'Votre situation familiale');",
              "err": {},
              "uuid": "a02c6b58-31aa-4f6e-9b90-41ab1a2e3497",
              "parentUUID": "3188e114-e87b-453f-9703-864a2918309d",
              "isHook": false,
              "skipped": false
            },
            {
              "title": "Etape 3 : Renseignement de la situation familiale",
              "fullTitle": "Parcours des mariés Etape 3 : Renseignement de la situation familiale",
              "timedOut": null,
              "duration": 2772,
              "state": "passed",
              "speed": "slow",
              "pass": true,
              "fail": false,
              "pending": false,
              "context": null,
              "code": "cy.get('#maritalStatus-input').select(jddCelib.statut).should('contain', 'Célibataire');\ncy.wait(2000);\ncy.get('#childNumberPropal-input').select(jddCelib.nbreEnfants).should('contain', jddCelib.nbreEnfants);\ncy.get('#yucOptin').click();\ncy.get('[data-test=navigator-compact-forward]').click();\ncy.url().should('include', '/housing');\ncy.get(\"h2\").should('contain', 'Votre logement');",
              "err": {},
              "uuid": "24223fb0-755e-4fa3-91ae-7631cf30a44b",
              "parentUUID": "3188e114-e87b-453f-9703-864a2918309d",
              "isHook": false,
              "skipped": false
            },
            {
              "title": "Etape 4 : Renseignement du logement",
              "fullTitle": "Parcours des mariés Etape 4 : Renseignement du logement",
              "timedOut": null,
              "duration": 2020,
              "state": "passed",
              "speed": "slow",
              "pass": true,
              "fail": false,
              "pending": false,
              "context": null,
              "code": "cy.get('#housingStatus-input').select(jddCelib.statutLogement).should('contain', 'Locataire');\ncy.wait(1000);\ncy.get('#housingStatusFrom-input-month').type(jddCelib.moisLogement).should('have.value', jddCelib.moisLogement);\ncy.get('#housingStatusFrom-input-year').type(jddCelib.anneeLogement).should('have.value', jddCelib.anneeLogement);\ncy.get('#yucPartnerOptin').click();\ncy.get('[data-test=navigator-compact-forward]').click();\ncy.url().should('include', '/professionalsituation');\ncy.get(\"h2\").should('contain', 'Votre situation professionnelle');",
              "err": {},
              "uuid": "df70d2cc-0890-4eea-9e6d-3b7afc115ec4",
              "parentUUID": "3188e114-e87b-453f-9703-864a2918309d",
              "isHook": false,
              "skipped": false
            },
            {
              "title": "Etape 5 : Renseignement de la situation professionnelle",
              "fullTitle": "Parcours des mariés Etape 5 : Renseignement de la situation professionnelle",
              "timedOut": null,
              "duration": 2144,
              "state": "passed",
              "speed": "slow",
              "pass": true,
              "fail": false,
              "pending": false,
              "context": null,
              "code": "cy.get('#activitySector-input').select(jddCelib.secteurActivite).should('contain', 'Indépendants');\ncy.wait(1000);\ncy.get('#profession-input').select(jddCelib.metier).should('have.value', jddCelib.metier);\ncy.get('#businessActivityStartDate-input-month').type(jddCelib.metierDebutMois).should('have.value', jddCelib.metierDebutMois);\ncy.get('#businessActivityStartDate-input-year').type(jddCelib.metierDebutAnnee).should('have.value', jddCelib.metierDebutAnnee);\ncy.get('[data-di-id=\"di-id-d838032c-320c79b9\"] > label').click();\ncy.get('[data-test=navigator-compact-forward]').click();\ncy.url().should('include', '/incomes');\ncy.get(\"h2\").should('contain', 'Vos revenus mensuels');",
              "err": {},
              "uuid": "847fe3dc-d81a-40da-a3a0-5327f513c95a",
              "parentUUID": "3188e114-e87b-453f-9703-864a2918309d",
              "isHook": false,
              "skipped": false
            },
            {
              "title": "Etape 6 : Renseignement des revenus mensuels",
              "fullTitle": "Parcours des mariés Etape 6 : Renseignement des revenus mensuels",
              "timedOut": null,
              "duration": 1899,
              "state": "passed",
              "speed": "slow",
              "pass": true,
              "fail": false,
              "pending": false,
              "context": null,
              "code": "cy.get('#mainIncome-input').type(jddCelib.revenuNet).should('have.value', jddCelib.revenuNet);\ncy.wait(1000);\ncy.get('#housingAssistance-input').type(jddCelib.housingAssistance).should('have.value', jddCelib.housingAssistance);\ncy.get('#additionalIncome-input').type(jddCelib.additionalIncome).should('have.value', jddCelib.additionalIncome);\ncy.get('[data-test=navigator-compact-forward]').click();\ncy.url().should('include', '/outcomes');\ncy.get(\"h2\").should('contain', 'Vos charges mensuelles');",
              "err": {},
              "uuid": "fbc97102-ede6-4148-9f4e-b11d4be56748",
              "parentUUID": "3188e114-e87b-453f-9703-864a2918309d",
              "isHook": false,
              "skipped": false
            },
            {
              "title": "Etape 7 : Renseignement des charges mensuelles",
              "fullTitle": "Parcours des mariés Etape 7 : Renseignement des charges mensuelles",
              "timedOut": null,
              "duration": 1698,
              "state": "passed",
              "speed": "slow",
              "pass": true,
              "fail": false,
              "pending": false,
              "context": null,
              "code": "cy.get('#rentAmount-input').type(jddCelib.emprunt).should('have.value', jddCelib.emprunt);\ncy.wait(1000);\ncy.get('#loanCount-input').select(jddCelib.loanCount).should('have.value', jddCelib.loanCount);\ncy.get('[data-test=navigator-compact-forward]').click();\ncy.url().should('include', '/bank');\ncy.get(\"h2\").should('contain', 'Votre banque');",
              "err": {},
              "uuid": "2ccbe0c4-056d-42ee-aa4e-742c36915a56",
              "parentUUID": "3188e114-e87b-453f-9703-864a2918309d",
              "isHook": false,
              "skipped": false
            },
            {
              "title": "Etape 8 : Renseignement de la banque",
              "fullTitle": "Parcours des mariés Etape 8 : Renseignement de la banque",
              "timedOut": null,
              "duration": 1722,
              "state": "passed",
              "speed": "slow",
              "pass": true,
              "fail": false,
              "pending": false,
              "context": null,
              "code": "cy.get('#bankCode-input').select(jddCelib.bank).should('have.value', jddCelib.bank);\ncy.wait(1000);\ncy.get('#bankFrom-input-year').type(jddCelib.bankFromYear).should('have.value', jddCelib.bankFromYear);\ncy.get('[data-test=navigator-compact-forward]').click();\ncy.url().should('include', '/identity');\ncy.get(\"h2\").should('contain', 'Vos informations');",
              "err": {},
              "uuid": "b7442d38-a2f9-435e-ab06-8e3881b285fa",
              "parentUUID": "3188e114-e87b-453f-9703-864a2918309d",
              "isHook": false,
              "skipped": false
            },
            {
              "title": "Etape 8 : Détails identité",
              "fullTitle": "Parcours des mariés Etape 8 : Détails identité",
              "timedOut": null,
              "duration": 2362,
              "state": "passed",
              "speed": "slow",
              "pass": true,
              "fail": false,
              "pending": false,
              "context": null,
              "code": "cy.get('[data-di-id=\"di-id-bf89a9dc-e017ffb1\"] > label').click();\ncy.get('#lastName-input').type(jddCelib.lastName).should('have.value', jddCelib.lastName);\ncy.get('#firstName-input').type(jddCelib.firstName).should('have.value', jddCelib.firstName);\ncy.get('#dateOfBirth-input-day').type(jddCelib.dayBirth).should('have.value', jddCelib.dayBirth);\ncy.get('#dateOfBirth-input-month').type(jddCelib.monthBirth).should('have.value', jddCelib.monthBirth);\ncy.get('#dateOfBirth-input-year').type(jddCelib.yearBirth).should('have.value', jddCelib.yearBirth);\ncy.get('#postalCode-input').type(jddCelib.postalCode).should('have.value', jddCelib.postalCode);\ncy.get('#city-input').select(jddCelib.city).should('have.value', '1927219000');\ncy.get('[data-test=navigator-compact-forward]').click();\ncy.url().should('include', '/contact');\ncy.get(\"h2\").should('contain', 'Vos coordonnées');",
              "err": {},
              "uuid": "a3cc3e8e-675e-4612-a804-8e01837ee09f",
              "parentUUID": "3188e114-e87b-453f-9703-864a2918309d",
              "isHook": false,
              "skipped": false
            },
            {
              "title": "Etape 9 : Coordonnées",
              "fullTitle": "Parcours des mariés Etape 9 : Coordonnées",
              "timedOut": null,
              "duration": 9681,
              "state": "passed",
              "speed": "slow",
              "pass": true,
              "fail": false,
              "pending": false,
              "context": null,
              "code": "cy.get('#cellPhoneNumber-input').type(jddCelib.cellPhoneNumber).should('have.value', jddCelib.cellPhoneNumber);\ncy.get('#address-input').type(jddCelib.firstName).should('have.value', jddCelib.firstName);\ncy.get('#postalCode-input').type(jddCelib.postalCode).should('have.value', jddCelib.postalCode);\ncy.get('#city-input').select(jddCelib.city).should('have.value', '1927219000');\ncy.get('#countryZone-input').select(jddCelib.countryZone).should('have.value', 'FR');\ncy.get('[data-test=navigator-compact-forward]').click();\ncy.wait(8000);\ncy.url().should('include', '/offers');\ncy.get(\"body\").should('contain', jddCelib.firstName);",
              "err": {},
              "uuid": "26539077-f2f5-47a7-b84f-bc491c418cea",
              "parentUUID": "3188e114-e87b-453f-9703-864a2918309d",
              "isHook": false,
              "skipped": false
            }
          ],
          "suites": [],
          "passes": [
            "77594b0f-31e8-48ee-bdf3-61542e4fbe03",
            "a02c6b58-31aa-4f6e-9b90-41ab1a2e3497",
            "24223fb0-755e-4fa3-91ae-7631cf30a44b",
            "df70d2cc-0890-4eea-9e6d-3b7afc115ec4",
            "847fe3dc-d81a-40da-a3a0-5327f513c95a",
            "fbc97102-ede6-4148-9f4e-b11d4be56748",
            "2ccbe0c4-056d-42ee-aa4e-742c36915a56",
            "b7442d38-a2f9-435e-ab06-8e3881b285fa",
            "a3cc3e8e-675e-4612-a804-8e01837ee09f",
            "26539077-f2f5-47a7-b84f-bc491c418cea"
          ],
          "failures": [],
          "pending": [],
          "skipped": [],
          "duration": 38289,
          "root": false,
          "rootEmpty": false,
          "_timeout": 2000
        }
      ],
      "passes": [],
      "failures": [],
      "pending": [],
      "skipped": [],
      "duration": 0,
      "root": true,
      "rootEmpty": true,
      "_timeout": 2000
    },
    {
      "uuid": "c8eaba53-9ec9-4fb3-8d41-9f7800b453a2",
      "title": "",
      "fullFile": "cypress\\integration\\Profils\\Pacsé.spec.js",
      "file": "cypress\\integration\\Profils\\Pacsé.spec.js",
      "beforeHooks": [],
      "afterHooks": [],
      "tests": [],
      "suites": [
        {
          "uuid": "696d5e4b-25b3-4434-a261-fb70c00003c1",
          "title": "Parcours des pacsés",
          "fullFile": "",
          "file": "",
          "beforeHooks": [],
          "afterHooks": [],
          "tests": [
            {
              "title": "Etape 1 : Sélection du type de crédit",
              "fullTitle": "Parcours des pacsés Etape 1 : Sélection du type de crédit",
              "timedOut": null,
              "duration": 11779,
              "state": "passed",
              "speed": "slow",
              "pass": true,
              "fail": false,
              "pending": false,
              "context": null,
              "code": "cy.get('#projectSelect').select(jddCelib.projet).should('contain', 'Déménagement');\ncy.get('#amount').select(jddCelib.montantPrêt).should('contain', '3500 €');\ncy.get('#creditMaturity').select(jddCelib.maturitéCrédit).should('contain', '24 mois');\ncy.get('#simulator_1 > .simulator > .simulator-select  > .btn').click();\ncy.url().should('include', '/email');\ncy.get(\"h2\").should('contain', 'Découvrez votre offre de prêt de');",
              "err": {},
              "uuid": "bf34174a-f2cf-4069-a6d4-a2e91a51ebaf",
              "parentUUID": "696d5e4b-25b3-4434-a261-fb70c00003c1",
              "isHook": false,
              "skipped": false
            },
            {
              "title": "Etape 2 : Renseignement du mail",
              "fullTitle": "Parcours des pacsés Etape 2 : Renseignement du mail",
              "timedOut": null,
              "duration": 2902,
              "state": "passed",
              "speed": "slow",
              "pass": true,
              "fail": false,
              "pending": false,
              "context": null,
              "code": "cy.get('#email-input').type(jddCelib.mail).should('have.value', jddCelib.mail);\ncy.wait(2000);\ncy.get('[data-di-id=\"di-id-8c30ab93-a687b9f3\"]').click();\ncy.url().should('include', '/familysituation');\ncy.get(\"h2\").should('contain', 'Votre situation familiale');",
              "err": {},
              "uuid": "b9d492a7-e8f5-4630-843c-59e215c32b9b",
              "parentUUID": "696d5e4b-25b3-4434-a261-fb70c00003c1",
              "isHook": false,
              "skipped": false
            },
            {
              "title": "Etape 3 : Renseignement de la situation familiale",
              "fullTitle": "Parcours des pacsés Etape 3 : Renseignement de la situation familiale",
              "timedOut": null,
              "duration": 2742,
              "state": "passed",
              "speed": "slow",
              "pass": true,
              "fail": false,
              "pending": false,
              "context": null,
              "code": "cy.get('#maritalStatus-input').select(jddCelib.statut).should('contain', 'Célibataire');\ncy.wait(2000);\ncy.get('#childNumberPropal-input').select(jddCelib.nbreEnfants).should('contain', jddCelib.nbreEnfants);\ncy.get('#yucOptin').click();\ncy.get('[data-test=navigator-compact-forward]').click();\ncy.url().should('include', '/housing');\ncy.get(\"h2\").should('contain', 'Votre logement');",
              "err": {},
              "uuid": "f83cb62c-83f2-4ee6-93c1-fa62ee38a91f",
              "parentUUID": "696d5e4b-25b3-4434-a261-fb70c00003c1",
              "isHook": false,
              "skipped": false
            },
            {
              "title": "Etape 4 : Renseignement du logement",
              "fullTitle": "Parcours des pacsés Etape 4 : Renseignement du logement",
              "timedOut": null,
              "duration": 2016,
              "state": "passed",
              "speed": "slow",
              "pass": true,
              "fail": false,
              "pending": false,
              "context": null,
              "code": "cy.get('#housingStatus-input').select(jddCelib.statutLogement).should('contain', 'Locataire');\ncy.wait(1000);\ncy.get('#housingStatusFrom-input-month').type(jddCelib.moisLogement).should('have.value', jddCelib.moisLogement);\ncy.get('#housingStatusFrom-input-year').type(jddCelib.anneeLogement).should('have.value', jddCelib.anneeLogement);\ncy.get('#yucPartnerOptin').click();\ncy.get('[data-test=navigator-compact-forward]').click();\ncy.url().should('include', '/professionalsituation');\ncy.get(\"h2\").should('contain', 'Votre situation professionnelle');",
              "err": {},
              "uuid": "e3e10474-6262-4802-8c90-5666b1797e16",
              "parentUUID": "696d5e4b-25b3-4434-a261-fb70c00003c1",
              "isHook": false,
              "skipped": false
            },
            {
              "title": "Etape 5 : Renseignement de la situation professionnelle",
              "fullTitle": "Parcours des pacsés Etape 5 : Renseignement de la situation professionnelle",
              "timedOut": null,
              "duration": 2221,
              "state": "passed",
              "speed": "slow",
              "pass": true,
              "fail": false,
              "pending": false,
              "context": null,
              "code": "cy.get('#activitySector-input').select(jddCelib.secteurActivite).should('contain', 'Indépendants');\ncy.wait(1000);\ncy.get('#profession-input').select(jddCelib.metier).should('have.value', jddCelib.metier);\ncy.get('#businessActivityStartDate-input-month').type(jddCelib.metierDebutMois).should('have.value', jddCelib.metierDebutMois);\ncy.get('#businessActivityStartDate-input-year').type(jddCelib.metierDebutAnnee).should('have.value', jddCelib.metierDebutAnnee);\ncy.get('[data-di-id=\"di-id-d838032c-320c79b9\"] > label').click();\ncy.get('[data-test=navigator-compact-forward]').click();\ncy.url().should('include', '/incomes');\ncy.get(\"h2\").should('contain', 'Vos revenus mensuels');",
              "err": {},
              "uuid": "6b3bdcab-ff80-44db-b282-3544d35abe58",
              "parentUUID": "696d5e4b-25b3-4434-a261-fb70c00003c1",
              "isHook": false,
              "skipped": false
            },
            {
              "title": "Etape 6 : Renseignement des revenus mensuels",
              "fullTitle": "Parcours des pacsés Etape 6 : Renseignement des revenus mensuels",
              "timedOut": null,
              "duration": 1896,
              "state": "passed",
              "speed": "slow",
              "pass": true,
              "fail": false,
              "pending": false,
              "context": null,
              "code": "cy.get('#mainIncome-input').type(jddCelib.revenuNet).should('have.value', jddCelib.revenuNet);\ncy.wait(1000);\ncy.get('#housingAssistance-input').type(jddCelib.housingAssistance).should('have.value', jddCelib.housingAssistance);\ncy.get('#additionalIncome-input').type(jddCelib.additionalIncome).should('have.value', jddCelib.additionalIncome);\ncy.get('[data-test=navigator-compact-forward]').click();\ncy.url().should('include', '/outcomes');\ncy.get(\"h2\").should('contain', 'Vos charges mensuelles');",
              "err": {},
              "uuid": "1b4dc556-d889-4f75-b5e6-3a45fbc1b8b3",
              "parentUUID": "696d5e4b-25b3-4434-a261-fb70c00003c1",
              "isHook": false,
              "skipped": false
            },
            {
              "title": "Etape 7 : Renseignement des charges mensuelles",
              "fullTitle": "Parcours des pacsés Etape 7 : Renseignement des charges mensuelles",
              "timedOut": null,
              "duration": 1668,
              "state": "passed",
              "speed": "slow",
              "pass": true,
              "fail": false,
              "pending": false,
              "context": null,
              "code": "cy.get('#rentAmount-input').type(jddCelib.emprunt).should('have.value', jddCelib.emprunt);\ncy.wait(1000);\ncy.get('#loanCount-input').select(jddCelib.loanCount).should('have.value', jddCelib.loanCount);\ncy.get('[data-test=navigator-compact-forward]').click();\ncy.url().should('include', '/bank');\ncy.get(\"h2\").should('contain', 'Votre banque');",
              "err": {},
              "uuid": "603d5361-4901-47d1-96a7-d6828f613a35",
              "parentUUID": "696d5e4b-25b3-4434-a261-fb70c00003c1",
              "isHook": false,
              "skipped": false
            },
            {
              "title": "Etape 8 : Renseignement de la banque",
              "fullTitle": "Parcours des pacsés Etape 8 : Renseignement de la banque",
              "timedOut": null,
              "duration": 1714,
              "state": "passed",
              "speed": "slow",
              "pass": true,
              "fail": false,
              "pending": false,
              "context": null,
              "code": "cy.get('#bankCode-input').select(jddCelib.bank).should('have.value', jddCelib.bank);\ncy.wait(1000);\ncy.get('#bankFrom-input-year').type(jddCelib.bankFromYear).should('have.value', jddCelib.bankFromYear);\ncy.get('[data-test=navigator-compact-forward]').click();\ncy.url().should('include', '/identity');\ncy.get(\"h2\").should('contain', 'Vos informations');",
              "err": {},
              "uuid": "b323acbe-b9cc-479e-9c23-e36e9fd42d72",
              "parentUUID": "696d5e4b-25b3-4434-a261-fb70c00003c1",
              "isHook": false,
              "skipped": false
            },
            {
              "title": "Etape 8 : Détails identité",
              "fullTitle": "Parcours des pacsés Etape 8 : Détails identité",
              "timedOut": null,
              "duration": 2408,
              "state": "passed",
              "speed": "slow",
              "pass": true,
              "fail": false,
              "pending": false,
              "context": null,
              "code": "cy.get('[data-di-id=\"di-id-bf89a9dc-e017ffb1\"] > label').click();\ncy.get('#lastName-input').type(jddCelib.lastName).should('have.value', jddCelib.lastName);\ncy.get('#firstName-input').type(jddCelib.firstName).should('have.value', jddCelib.firstName);\ncy.get('#dateOfBirth-input-day').type(jddCelib.dayBirth).should('have.value', jddCelib.dayBirth);\ncy.get('#dateOfBirth-input-month').type(jddCelib.monthBirth).should('have.value', jddCelib.monthBirth);\ncy.get('#dateOfBirth-input-year').type(jddCelib.yearBirth).should('have.value', jddCelib.yearBirth);\ncy.get('#postalCode-input').type(jddCelib.postalCode).should('have.value', jddCelib.postalCode);\ncy.get('#city-input').select(jddCelib.city).should('have.value', '1927219000');\ncy.get('[data-test=navigator-compact-forward]').click();\ncy.url().should('include', '/contact');\ncy.get(\"h2\").should('contain', 'Vos coordonnées');",
              "err": {},
              "uuid": "500c18e1-5224-4ccf-9414-82efc590b192",
              "parentUUID": "696d5e4b-25b3-4434-a261-fb70c00003c1",
              "isHook": false,
              "skipped": false
            },
            {
              "title": "Etape 9 : Coordonnées",
              "fullTitle": "Parcours des pacsés Etape 9 : Coordonnées",
              "timedOut": null,
              "duration": 9695,
              "state": "passed",
              "speed": "slow",
              "pass": true,
              "fail": false,
              "pending": false,
              "context": null,
              "code": "cy.get('#cellPhoneNumber-input').type(jddCelib.cellPhoneNumber).should('have.value', jddCelib.cellPhoneNumber);\ncy.get('#address-input').type(jddCelib.firstName).should('have.value', jddCelib.firstName);\ncy.get('#postalCode-input').type(jddCelib.postalCode).should('have.value', jddCelib.postalCode);\ncy.get('#city-input').select(jddCelib.city).should('have.value', '1927219000');\ncy.get('#countryZone-input').select(jddCelib.countryZone).should('have.value', 'FR');\ncy.get('[data-test=navigator-compact-forward]').click();\ncy.wait(8000);\ncy.url().should('include', '/offers');\ncy.get(\"body\").should('contain', jddCelib.firstName);",
              "err": {},
              "uuid": "baa7faa0-74b6-485b-9a20-d0fdf986676c",
              "parentUUID": "696d5e4b-25b3-4434-a261-fb70c00003c1",
              "isHook": false,
              "skipped": false
            }
          ],
          "suites": [],
          "passes": [
            "bf34174a-f2cf-4069-a6d4-a2e91a51ebaf",
            "b9d492a7-e8f5-4630-843c-59e215c32b9b",
            "f83cb62c-83f2-4ee6-93c1-fa62ee38a91f",
            "e3e10474-6262-4802-8c90-5666b1797e16",
            "6b3bdcab-ff80-44db-b282-3544d35abe58",
            "1b4dc556-d889-4f75-b5e6-3a45fbc1b8b3",
            "603d5361-4901-47d1-96a7-d6828f613a35",
            "b323acbe-b9cc-479e-9c23-e36e9fd42d72",
            "500c18e1-5224-4ccf-9414-82efc590b192",
            "baa7faa0-74b6-485b-9a20-d0fdf986676c"
          ],
          "failures": [],
          "pending": [],
          "skipped": [],
          "duration": 39041,
          "root": false,
          "rootEmpty": false,
          "_timeout": 2000
        }
      ],
      "passes": [],
      "failures": [],
      "pending": [],
      "skipped": [],
      "duration": 0,
      "root": true,
      "rootEmpty": true,
      "_timeout": 2000
    },
    {
      "uuid": "533b144a-4644-4733-94ee-79f85d589c72",
      "title": "",
      "fullFile": "cypress\\integration\\Profils\\Celibataire.spec.js",
      "file": "cypress\\integration\\Profils\\Celibataire.spec.js",
      "beforeHooks": [],
      "afterHooks": [],
      "tests": [],
      "suites": [
        {
          "uuid": "9cd2ff75-7af2-4841-9d23-7d5b2a68f6b7",
          "title": "Parcours du célibataire",
          "fullFile": "",
          "file": "",
          "beforeHooks": [],
          "afterHooks": [],
          "tests": [
            {
              "title": "ETAPE 1 : Sélection du projet",
              "fullTitle": "Parcours du célibataire ETAPE 1 : Sélection du projet",
              "timedOut": null,
              "duration": 14599,
              "state": "passed",
              "speed": "slow",
              "pass": true,
              "fail": false,
              "pending": false,
              "context": null,
              "code": "cy.selectionProjet(jddCelib.projectSelect, jddCelib.amount, jddCelib.creditMaturity);\ncy.get('[data-di-id=di-id-bca9a80c-4fc29f73]').click();\ncy.url().should('include', '/email');\ncy.get(\"h2\").should('contain', 'Découvrez votre offre de prêt de');",
              "err": {},
              "uuid": "ef1827eb-09c5-4d51-a489-a90f1cdc6d2e",
              "parentUUID": "9cd2ff75-7af2-4841-9d23-7d5b2a68f6b7",
              "isHook": false,
              "skipped": false
            },
            {
              "title": "ETAPE 2 : Renseignement du mail",
              "fullTitle": "Parcours du célibataire ETAPE 2 : Renseignement du mail",
              "timedOut": null,
              "duration": 2996,
              "state": "passed",
              "speed": "slow",
              "pass": true,
              "fail": false,
              "pending": false,
              "context": null,
              "code": "cy.renseignementMail(jddCelib.mail);\ncy.wait(2000);\ncy.get('[data-di-id=\"di-id-8c30ab93-a687b9f3\"]').click();\ncy.url().should('include', '/familysituation');\ncy.get(\"h2\").should('contain', 'Votre situation familiale');",
              "err": {},
              "uuid": "58e9ea88-d1d6-40bb-b81b-676d22c84588",
              "parentUUID": "9cd2ff75-7af2-4841-9d23-7d5b2a68f6b7",
              "isHook": false,
              "skipped": false
            },
            {
              "title": "ETAPE 3 : Renseignement de la situation familiale",
              "fullTitle": "Parcours du célibataire ETAPE 3 : Renseignement de la situation familiale",
              "timedOut": null,
              "duration": 659,
              "state": "passed",
              "speed": "slow",
              "pass": true,
              "fail": false,
              "pending": false,
              "context": null,
              "code": "cy.statutMarital(jddCelib.maritalStatus, jddCelib.childNumberPropal);\ncy.get('#yucOptin').click();\ncy.get('[data-test=navigator-compact-forward]').click();\ncy.url().should('include', '/housing');\ncy.get(\"h2\").should('contain', 'Votre logement');",
              "err": {},
              "uuid": "e06e69eb-aa1f-4c79-ab63-c7be44983d14",
              "parentUUID": "9cd2ff75-7af2-4841-9d23-7d5b2a68f6b7",
              "isHook": false,
              "skipped": false
            },
            {
              "title": "ETAPE 4 : Renseignement du logement",
              "fullTitle": "Parcours du célibataire ETAPE 4 : Renseignement du logement",
              "timedOut": null,
              "duration": 2162,
              "state": "passed",
              "speed": "slow",
              "pass": true,
              "fail": false,
              "pending": false,
              "context": null,
              "code": "cy.statutLogement(jddCelib.housingStatus, jddCelib.housingStatusFromMonth, jddCelib.housingStatusFromYear);\ncy.get('#yucPartnerOptin').click();\ncy.get('[data-test=navigator-compact-forward]').click();\ncy.url().should('include', '/professionalsituation');\ncy.get(\"h2\").should('contain', 'Votre situation professionnelle');",
              "err": {},
              "uuid": "7898b9b2-6594-43b2-baca-053356a11c6c",
              "parentUUID": "9cd2ff75-7af2-4841-9d23-7d5b2a68f6b7",
              "isHook": false,
              "skipped": false
            },
            {
              "title": "ETAPE 5 : Renseignement de la situation professionnelle",
              "fullTitle": "Parcours du célibataire ETAPE 5 : Renseignement de la situation professionnelle",
              "timedOut": null,
              "duration": 2269,
              "state": "passed",
              "speed": "slow",
              "pass": true,
              "fail": false,
              "pending": false,
              "context": null,
              "code": "cy.activity(jddCelib.activitySector, jddCelib.profession, jddCelib.businessActivityStartDateMonth, jddCelib.businessActivityStartDateYear);\ncy.get('[data-di-id=\"di-id-d838032c-320c79b9\"] > label').click();\ncy.get('[data-test=navigator-compact-forward]').click();\ncy.url().should('include', '/incomes');\ncy.get(\"h2\").should('contain', 'Vos revenus mensuels');",
              "err": {},
              "uuid": "822caa97-2449-4b04-83e5-50d30a4c18b8",
              "parentUUID": "9cd2ff75-7af2-4841-9d23-7d5b2a68f6b7",
              "isHook": false,
              "skipped": false
            },
            {
              "title": "ETAPE 6 : Renseignement des revenus mensuels",
              "fullTitle": "Parcours du célibataire ETAPE 6 : Renseignement des revenus mensuels",
              "timedOut": null,
              "duration": 1917,
              "state": "passed",
              "speed": "slow",
              "pass": true,
              "fail": false,
              "pending": false,
              "context": null,
              "code": "cy.get('#mainIncome-input').type(jddCelib.revenuNet).should('have.value', jddCelib.revenuNet);\ncy.wait(1000);\ncy.get('#housingAssistance-input').type(jddCelib.housingAssistance).should('have.value', jddCelib.housingAssistance);\ncy.get('#additionalIncome-input').type(jddCelib.additionalIncome).should('have.value', jddCelib.additionalIncome);\ncy.get('[data-test=navigator-compact-forward]').click();\ncy.url().should('include', '/outcomes');\ncy.get(\"h2\").should('contain', 'Vos charges mensuelles');",
              "err": {},
              "uuid": "71c873c9-dcca-4a6e-b1eb-b671df49cf1c",
              "parentUUID": "9cd2ff75-7af2-4841-9d23-7d5b2a68f6b7",
              "isHook": false,
              "skipped": false
            },
            {
              "title": "ETAPE 7 : Renseignement des charges mensuelles",
              "fullTitle": "Parcours du célibataire ETAPE 7 : Renseignement des charges mensuelles",
              "timedOut": null,
              "duration": 2223,
              "state": "passed",
              "speed": "slow",
              "pass": true,
              "fail": false,
              "pending": false,
              "context": null,
              "code": "cy.get('#rentAmount-input').type(jddCelib.emprunt).should('have.value', jddCelib.emprunt);\ncy.wait(1000);\ncy.get('#loanCount-input').select(jddCelib.loanCount).should('have.value', jddCelib.loanCount);\ncy.get('#type-input').select(jddCelib.creditOne).should('have.class', 'ng-valid');\ncy.get('#loanAmount-input').type(jddCelib.loanAmount).should('have.value', jddCelib.loanAmount);\ncy.get('[data-test=navigator-compact-forward]').click();\ncy.url().should('include', '/bank');\ncy.get(\"h2\").should('contain', 'Votre banque');",
              "err": {},
              "uuid": "11bfbad6-b851-43dd-a981-88024716fc89",
              "parentUUID": "9cd2ff75-7af2-4841-9d23-7d5b2a68f6b7",
              "isHook": false,
              "skipped": false
            },
            {
              "title": "ETAPE 8 : Renseignement de la banque",
              "fullTitle": "Parcours du célibataire ETAPE 8 : Renseignement de la banque",
              "timedOut": null,
              "duration": 1805,
              "state": "passed",
              "speed": "slow",
              "pass": true,
              "fail": false,
              "pending": false,
              "context": null,
              "code": "cy.get('#bankCode-input').select(jddCelib.bank).should('have.value', jddCelib.bank);\ncy.wait(1000);\ncy.get('#bankFrom-input-year').type(jddCelib.bankFromYear).should('have.value', jddCelib.bankFromYear);\ncy.get('[data-test=navigator-compact-forward]').click();\ncy.url().should('include', '/identity');\ncy.get(\"h2\").should('contain', 'Vos informations');",
              "err": {},
              "uuid": "648b3ece-ae18-4393-bc79-6b9f5a524ab9",
              "parentUUID": "9cd2ff75-7af2-4841-9d23-7d5b2a68f6b7",
              "isHook": false,
              "skipped": false
            },
            {
              "title": "ETAPE 9 : Détails identité",
              "fullTitle": "Parcours du célibataire ETAPE 9 : Détails identité",
              "timedOut": null,
              "duration": 3040,
              "state": "passed",
              "speed": "slow",
              "pass": true,
              "fail": false,
              "pending": false,
              "context": null,
              "code": "cy.get('[data-di-id=\"di-id-bf89a9dc-e017ffb1\"] > label').click();\ncy.get('#lastName-input').type(jddCelib.lastName).should('have.value', jddCelib.lastName);\ncy.get('#firstName-input').type(jddCelib.firstName).should('have.value', jddCelib.firstName);\ncy.get('#dateOfBirth-input-day').type(jddCelib.dayBirth).should('have.value', jddCelib.dayBirth);\ncy.get('#dateOfBirth-input-month').type(jddCelib.monthBirth).should('have.value', jddCelib.monthBirth);\ncy.get('#dateOfBirth-input-year').type(jddCelib.yearBirth).should('have.value', jddCelib.yearBirth);\ncy.get('#postalCode-input').type(jddCelib.postalCode).should('have.value', jddCelib.postalCode);\ncy.get('#city-input').select(jddCelib.city).should('have.class', 'ng-valid');\ncy.get('[data-test=navigator-compact-forward]').click();\ncy.url().should('include', '/contact');\ncy.get(\"h2\").should('contain', 'Vos coordonnées');",
              "err": {},
              "uuid": "47c0bd43-2672-4a48-9890-3ae1f98b09cb",
              "parentUUID": "9cd2ff75-7af2-4841-9d23-7d5b2a68f6b7",
              "isHook": false,
              "skipped": false
            },
            {
              "title": "ETAPE 10 : Page Contact",
              "fullTitle": "Parcours du célibataire ETAPE 10 : Page Contact",
              "timedOut": null,
              "duration": 9718,
              "state": "passed",
              "speed": "slow",
              "pass": true,
              "fail": false,
              "pending": false,
              "context": null,
              "code": "cy.get('#cellPhoneNumber-input').type(jddCelib.cellPhoneNumber).should('have.value', jddCelib.cellPhoneNumber);\ncy.get('#address-input').type(jddCelib.firstName).should('have.value', jddCelib.firstName);\ncy.get('#postalCode-input').type(jddCelib.postalCode).should('have.value', jddCelib.postalCode);\ncy.get('#city-input').select(jddCelib.city).should('have.value', '1927219000');\ncy.get('#countryZone-input').select(jddCelib.countryZone).should('have.value', 'FR');\ncy.get('[data-test=navigator-compact-forward]').click();\ncy.wait(8000);\ncy.url().should('include', '/offers');\ncy.get(\"body\").should('contain', jddCelib.firstName);",
              "err": {},
              "uuid": "e314f360-12e3-456f-a55f-4e494cd008d7",
              "parentUUID": "9cd2ff75-7af2-4841-9d23-7d5b2a68f6b7",
              "isHook": false,
              "skipped": false
            }
          ],
          "suites": [],
          "passes": [
            "ef1827eb-09c5-4d51-a489-a90f1cdc6d2e",
            "58e9ea88-d1d6-40bb-b81b-676d22c84588",
            "e06e69eb-aa1f-4c79-ab63-c7be44983d14",
            "7898b9b2-6594-43b2-baca-053356a11c6c",
            "822caa97-2449-4b04-83e5-50d30a4c18b8",
            "71c873c9-dcca-4a6e-b1eb-b671df49cf1c",
            "11bfbad6-b851-43dd-a981-88024716fc89",
            "648b3ece-ae18-4393-bc79-6b9f5a524ab9",
            "47c0bd43-2672-4a48-9890-3ae1f98b09cb",
            "e314f360-12e3-456f-a55f-4e494cd008d7"
          ],
          "failures": [],
          "pending": [],
          "skipped": [],
          "duration": 41388,
          "root": false,
          "rootEmpty": false,
          "_timeout": 2000
        }
      ],
      "passes": [],
      "failures": [],
      "pending": [],
      "skipped": [],
      "duration": 0,
      "root": true,
      "rootEmpty": true,
      "_timeout": 2000
    }
  ],
  "meta": {
    "mocha": {
      "version": "7.0.1"
    },
    "mochawesome": {
      "options": {
        "quiet": false,
        "reportFilename": "mochawesome",
        "saveHtml": false,
        "saveJson": true,
        "consoleReporter": "spec",
        "useInlineDiffs": false,
        "code": true
      },
      "version": "6.1.1"
    },
    "marge": {
      "options": {
        "reportDir": "cypress/results",
        "overwrite": false,
        "html": false,
        "json": true
      },
      "version": "5.1.0"
    }
  }
}