{
  "stats": {
    "suites": 3,
    "tests": 22,
    "passes": 22,
    "pending": 0,
    "failures": 0,
    "start": "2020-07-24T11:49:59.783Z",
    "end": "2020-07-24T11:49:59.783Z",
    "duration": 92326,
    "testsRegistered": 22,
    "passPercent": 100,
    "pendingPercent": 0,
    "other": 0,
    "hasOther": false,
    "skipped": 0,
    "hasSkipped": false
  },
  "results": [
    {
      "uuid": "91e0f0f3-11df-4dc6-9221-61f4f3539923",
      "title": "",
      "fullFile": "cypress\\integration\\Profils\\Marié.spec.js",
      "file": "cypress\\integration\\Profils\\Marié.spec.js",
      "beforeHooks": [],
      "afterHooks": [],
      "tests": [],
      "suites": [
        {
          "uuid": "9ea6c167-691f-43de-bb82-4587232d0710",
          "title": "Parcours des mariés",
          "fullFile": "",
          "file": "",
          "beforeHooks": [],
          "afterHooks": [],
          "tests": [
            {
              "title": "Etape 1 : Sélection du type de crédit",
              "fullTitle": "Parcours des mariés Etape 1 : Sélection du type de crédit",
              "timedOut": null,
              "duration": 11008,
              "state": "passed",
              "speed": "slow",
              "pass": true,
              "fail": false,
              "pending": false,
              "context": null,
              "code": "cy.get('#projectSelect').select(jddCelib.projet).should('contain', 'Déménagement');\ncy.get('#amount').select(jddCelib.montantPrêt).should('contain', '3500 €');\ncy.get('#creditMaturity').select(jddCelib.maturitéCrédit).should('contain', '24 mois');\ncy.get('#simulator_1 > .simulator > .simulator-select  > .btn').click();\ncy.url().should('include', '/email');\ncy.get(\"h2\").should('contain', 'Découvrez votre offre de prêt de');",
              "err": {},
              "uuid": "a8c1a126-443f-4189-9de3-2dae1b904ca9",
              "parentUUID": "9ea6c167-691f-43de-bb82-4587232d0710",
              "isHook": false,
              "skipped": false
            },
            {
              "title": "Etape 2 : Renseignement du mail",
              "fullTitle": "Parcours des mariés Etape 2 : Renseignement du mail",
              "timedOut": null,
              "duration": 2850,
              "state": "passed",
              "speed": "slow",
              "pass": true,
              "fail": false,
              "pending": false,
              "context": null,
              "code": "cy.get('#email-input').type(jddCelib.mail).should('have.value', jddCelib.mail);\ncy.wait(2000);\ncy.get('[data-di-id=\"di-id-8c30ab93-a687b9f3\"]').click();\ncy.url().should('include', '/familysituation');\ncy.get(\"h2\").should('contain', 'Votre situation familiale');",
              "err": {},
              "uuid": "77817bbd-f19b-4e18-9ebb-96f6807f30ff",
              "parentUUID": "9ea6c167-691f-43de-bb82-4587232d0710",
              "isHook": false,
              "skipped": false
            },
            {
              "title": "Etape 3 : Renseignement de la situation familiale",
              "fullTitle": "Parcours des mariés Etape 3 : Renseignement de la situation familiale",
              "timedOut": null,
              "duration": 2763,
              "state": "passed",
              "speed": "slow",
              "pass": true,
              "fail": false,
              "pending": false,
              "context": null,
              "code": "cy.get('#maritalStatus-input').select(jddCelib.statut).should('contain', 'Célibataire');\ncy.wait(2000);\ncy.get('#childNumberPropal-input').select(jddCelib.nbreEnfants).should('contain', jddCelib.nbreEnfants);\ncy.get('#yucOptin').click();\ncy.get('[data-test=navigator-compact-forward]').click();\ncy.url().should('include', '/housing');\ncy.get(\"h2\").should('contain', 'Votre logement');",
              "err": {},
              "uuid": "158e1c5e-d25c-401e-b3f3-3019507466da",
              "parentUUID": "9ea6c167-691f-43de-bb82-4587232d0710",
              "isHook": false,
              "skipped": false
            },
            {
              "title": "Etape 4 : Renseignement du logement",
              "fullTitle": "Parcours des mariés Etape 4 : Renseignement du logement",
              "timedOut": null,
              "duration": 2001,
              "state": "passed",
              "speed": "slow",
              "pass": true,
              "fail": false,
              "pending": false,
              "context": null,
              "code": "cy.get('#housingStatus-input').select(jddCelib.statutLogement).should('contain', 'Locataire');\ncy.wait(1000);\ncy.get('#housingStatusFrom-input-month').type(jddCelib.moisLogement).should('have.value', jddCelib.moisLogement);\ncy.get('#housingStatusFrom-input-year').type(jddCelib.anneeLogement).should('have.value', jddCelib.anneeLogement);\ncy.get('#yucPartnerOptin').click();\ncy.get('[data-test=navigator-compact-forward]').click();\ncy.url().should('include', '/professionalsituation');\ncy.get(\"h2\").should('contain', 'Votre situation professionnelle');",
              "err": {},
              "uuid": "f8158bbc-75ff-4dd8-a041-18a5e6b1fc63",
              "parentUUID": "9ea6c167-691f-43de-bb82-4587232d0710",
              "isHook": false,
              "skipped": false
            },
            {
              "title": "Etape 5 : Renseignement de la situation professionnelle",
              "fullTitle": "Parcours des mariés Etape 5 : Renseignement de la situation professionnelle",
              "timedOut": null,
              "duration": 2204,
              "state": "passed",
              "speed": "slow",
              "pass": true,
              "fail": false,
              "pending": false,
              "context": null,
              "code": "cy.get('#activitySector-input').select(jddCelib.secteurActivite).should('contain', 'Indépendants');\ncy.wait(1000);\ncy.get('#profession-input').select(jddCelib.metier).should('have.value', jddCelib.metier);\ncy.get('#businessActivityStartDate-input-month').type(jddCelib.metierDebutMois).should('have.value', jddCelib.metierDebutMois);\ncy.get('#businessActivityStartDate-input-year').type(jddCelib.metierDebutAnnee).should('have.value', jddCelib.metierDebutAnnee);\ncy.get('[data-di-id=\"di-id-d838032c-320c79b9\"] > label').click();\ncy.get('[data-test=navigator-compact-forward]').click();\ncy.url().should('include', '/incomes');\ncy.get(\"h2\").should('contain', 'Vos revenus mensuels');",
              "err": {},
              "uuid": "41fc0059-5040-460f-a2a0-eecd33a826bd",
              "parentUUID": "9ea6c167-691f-43de-bb82-4587232d0710",
              "isHook": false,
              "skipped": false
            },
            {
              "title": "Etape 6 : Renseignement des revenus mensuels",
              "fullTitle": "Parcours des mariés Etape 6 : Renseignement des revenus mensuels",
              "timedOut": null,
              "duration": 1880,
              "state": "passed",
              "speed": "slow",
              "pass": true,
              "fail": false,
              "pending": false,
              "context": null,
              "code": "cy.get('#mainIncome-input').type(jddCelib.revenuNet).should('have.value', jddCelib.revenuNet);\ncy.wait(1000);\ncy.get('#housingAssistance-input').type(jddCelib.housingAssistance).should('have.value', jddCelib.housingAssistance);\ncy.get('#additionalIncome-input').type(jddCelib.additionalIncome).should('have.value', jddCelib.additionalIncome);\ncy.get('[data-test=navigator-compact-forward]').click();\ncy.url().should('include', '/outcomes');\ncy.get(\"h2\").should('contain', 'Vos charges mensuelles');",
              "err": {},
              "uuid": "ed28e3a7-0723-4930-97b7-6cf65abbb116",
              "parentUUID": "9ea6c167-691f-43de-bb82-4587232d0710",
              "isHook": false,
              "skipped": false
            },
            {
              "title": "Etape 7 : Renseignement des charges mensuelles",
              "fullTitle": "Parcours des mariés Etape 7 : Renseignement des charges mensuelles",
              "timedOut": null,
              "duration": 1701,
              "state": "passed",
              "speed": "slow",
              "pass": true,
              "fail": false,
              "pending": false,
              "context": null,
              "code": "cy.get('#rentAmount-input').type(jddCelib.emprunt).should('have.value', jddCelib.emprunt);\ncy.wait(1000);\ncy.get('#loanCount-input').select(jddCelib.loanCount).should('have.value', jddCelib.loanCount);\ncy.get('[data-test=navigator-compact-forward]').click();\ncy.url().should('include', '/bank');\ncy.get(\"h2\").should('contain', 'Votre banque');",
              "err": {},
              "uuid": "65cb7ad5-918c-41bd-9f85-44a40da51935",
              "parentUUID": "9ea6c167-691f-43de-bb82-4587232d0710",
              "isHook": false,
              "skipped": false
            },
            {
              "title": "Etape 8 : Renseignement de la banque",
              "fullTitle": "Parcours des mariés Etape 8 : Renseignement de la banque",
              "timedOut": null,
              "duration": 1711,
              "state": "passed",
              "speed": "slow",
              "pass": true,
              "fail": false,
              "pending": false,
              "context": null,
              "code": "cy.get('#bankCode-input').select(jddCelib.bank).should('have.value', jddCelib.bank);\ncy.wait(1000);\ncy.get('#bankFrom-input-year').type(jddCelib.bankFromYear).should('have.value', jddCelib.bankFromYear);\ncy.get('[data-test=navigator-compact-forward]').click();\ncy.url().should('include', '/identity');\ncy.get(\"h2\").should('contain', 'Vos informations');",
              "err": {},
              "uuid": "6fadb85e-ab6d-4e94-90ca-cebfdf33340b",
              "parentUUID": "9ea6c167-691f-43de-bb82-4587232d0710",
              "isHook": false,
              "skipped": false
            },
            {
              "title": "Etape 8 : Détails identité",
              "fullTitle": "Parcours des mariés Etape 8 : Détails identité",
              "timedOut": null,
              "duration": 2332,
              "state": "passed",
              "speed": "slow",
              "pass": true,
              "fail": false,
              "pending": false,
              "context": null,
              "code": "cy.get('[data-di-id=\"di-id-bf89a9dc-e017ffb1\"] > label').click();\ncy.get('#lastName-input').type(jddCelib.lastName).should('have.value', jddCelib.lastName);\ncy.get('#firstName-input').type(jddCelib.firstName).should('have.value', jddCelib.firstName);\ncy.get('#dateOfBirth-input-day').type(jddCelib.dayBirth).should('have.value', jddCelib.dayBirth);\ncy.get('#dateOfBirth-input-month').type(jddCelib.monthBirth).should('have.value', jddCelib.monthBirth);\ncy.get('#dateOfBirth-input-year').type(jddCelib.yearBirth).should('have.value', jddCelib.yearBirth);\ncy.get('#postalCode-input').type(jddCelib.postalCode).should('have.value', jddCelib.postalCode);\ncy.get('#city-input').select(jddCelib.city).should('have.value', '1927219000');\ncy.get('[data-test=navigator-compact-forward]').click();\ncy.url().should('include', '/contact');\ncy.get(\"h2\").should('contain', 'Vos coordonnées');",
              "err": {},
              "uuid": "d952eab8-dd2e-4dad-842b-ece18ad71904",
              "parentUUID": "9ea6c167-691f-43de-bb82-4587232d0710",
              "isHook": false,
              "skipped": false
            },
            {
              "title": "Etape 9 : Coordonnées",
              "fullTitle": "Parcours des mariés Etape 9 : Coordonnées",
              "timedOut": null,
              "duration": 9678,
              "state": "passed",
              "speed": "slow",
              "pass": true,
              "fail": false,
              "pending": false,
              "context": null,
              "code": "cy.get('#cellPhoneNumber-input').type(jddCelib.cellPhoneNumber).should('have.value', jddCelib.cellPhoneNumber);\ncy.get('#address-input').type(jddCelib.firstName).should('have.value', jddCelib.firstName);\ncy.get('#postalCode-input').type(jddCelib.postalCode).should('have.value', jddCelib.postalCode);\ncy.get('#city-input').select(jddCelib.city).should('have.value', '1927219000');\ncy.get('#countryZone-input').select(jddCelib.countryZone).should('have.value', 'FR');\ncy.get('[data-test=navigator-compact-forward]').click();\ncy.wait(8000);\ncy.url().should('include', '/offers');\ncy.get(\"body\").should('contain', jddCelib.firstName);",
              "err": {},
              "uuid": "95e6440c-1c12-4157-a4d6-d34bfa9ac90f",
              "parentUUID": "9ea6c167-691f-43de-bb82-4587232d0710",
              "isHook": false,
              "skipped": false
            }
          ],
          "suites": [],
          "passes": [
            "a8c1a126-443f-4189-9de3-2dae1b904ca9",
            "77817bbd-f19b-4e18-9ebb-96f6807f30ff",
            "158e1c5e-d25c-401e-b3f3-3019507466da",
            "f8158bbc-75ff-4dd8-a041-18a5e6b1fc63",
            "41fc0059-5040-460f-a2a0-eecd33a826bd",
            "ed28e3a7-0723-4930-97b7-6cf65abbb116",
            "65cb7ad5-918c-41bd-9f85-44a40da51935",
            "6fadb85e-ab6d-4e94-90ca-cebfdf33340b",
            "d952eab8-dd2e-4dad-842b-ece18ad71904",
            "95e6440c-1c12-4157-a4d6-d34bfa9ac90f"
          ],
          "failures": [],
          "pending": [],
          "skipped": [],
          "duration": 38128,
          "root": false,
          "rootEmpty": false,
          "_timeout": 2000
        }
      ],
      "passes": [],
      "failures": [],
      "pending": [],
      "skipped": [],
      "duration": 0,
      "root": true,
      "rootEmpty": true,
      "_timeout": 2000
    },
    {
      "uuid": "97feeb71-cca0-46b9-bf08-76ea99cd56b4",
      "title": "",
      "fullFile": "cypress\\integration\\Profils\\Pacsé.spec.js",
      "file": "cypress\\integration\\Profils\\Pacsé.spec.js",
      "beforeHooks": [],
      "afterHooks": [],
      "tests": [],
      "suites": [
        {
          "uuid": "a11abf81-25e8-4175-855c-c890657a7c89",
          "title": "Parcours des pacsés",
          "fullFile": "",
          "file": "",
          "beforeHooks": [],
          "afterHooks": [],
          "tests": [
            {
              "title": "Etape 1 : Sélection du type de crédit",
              "fullTitle": "Parcours des pacsés Etape 1 : Sélection du type de crédit",
              "timedOut": null,
              "duration": 10952,
              "state": "passed",
              "speed": "slow",
              "pass": true,
              "fail": false,
              "pending": false,
              "context": null,
              "code": "cy.get('#projectSelect').select(jddCelib.projet).should('contain', 'Déménagement');\ncy.get('#amount').select(jddCelib.montantPrêt).should('contain', '3500 €');\ncy.get('#creditMaturity').select(jddCelib.maturitéCrédit).should('contain', '24 mois');\ncy.get('#simulator_1 > .simulator > .simulator-select  > .btn').click();\ncy.url().should('include', '/email');\ncy.get(\"h2\").should('contain', 'Découvrez votre offre de prêt de');",
              "err": {},
              "uuid": "4f8b0946-2052-4906-8676-21f8947e7adb",
              "parentUUID": "a11abf81-25e8-4175-855c-c890657a7c89",
              "isHook": false,
              "skipped": false
            },
            {
              "title": "Etape 2 : Renseignement du mail",
              "fullTitle": "Parcours des pacsés Etape 2 : Renseignement du mail",
              "timedOut": null,
              "duration": 2830,
              "state": "passed",
              "speed": "slow",
              "pass": true,
              "fail": false,
              "pending": false,
              "context": null,
              "code": "cy.get('#email-input').type(jddCelib.mail).should('have.value', jddCelib.mail);\ncy.wait(2000);\ncy.get('[data-di-id=\"di-id-8c30ab93-a687b9f3\"]').click();\ncy.url().should('include', '/familysituation');\ncy.get(\"h2\").should('contain', 'Votre situation familiale');",
              "err": {},
              "uuid": "a49ca0d6-1578-44dc-b06c-4674d615eef4",
              "parentUUID": "a11abf81-25e8-4175-855c-c890657a7c89",
              "isHook": false,
              "skipped": false
            },
            {
              "title": "Etape 3 : Renseignement de la situation familiale",
              "fullTitle": "Parcours des pacsés Etape 3 : Renseignement de la situation familiale",
              "timedOut": null,
              "duration": 2736,
              "state": "passed",
              "speed": "slow",
              "pass": true,
              "fail": false,
              "pending": false,
              "context": null,
              "code": "cy.get('#maritalStatus-input').select(jddCelib.statut).should('contain', 'Célibataire');\ncy.wait(2000);\ncy.get('#childNumberPropal-input').select(jddCelib.nbreEnfants).should('contain', jddCelib.nbreEnfants);\ncy.get('#yucOptin').click();\ncy.get('[data-test=navigator-compact-forward]').click();\ncy.url().should('include', '/housing');\ncy.get(\"h2\").should('contain', 'Votre logement');",
              "err": {},
              "uuid": "6a004512-58f5-4371-acd6-a98959c7a9ef",
              "parentUUID": "a11abf81-25e8-4175-855c-c890657a7c89",
              "isHook": false,
              "skipped": false
            },
            {
              "title": "Etape 4 : Renseignement du logement",
              "fullTitle": "Parcours des pacsés Etape 4 : Renseignement du logement",
              "timedOut": null,
              "duration": 1954,
              "state": "passed",
              "speed": "slow",
              "pass": true,
              "fail": false,
              "pending": false,
              "context": null,
              "code": "cy.get('#housingStatus-input').select(jddCelib.statutLogement).should('contain', 'Locataire');\ncy.wait(1000);\ncy.get('#housingStatusFrom-input-month').type(jddCelib.moisLogement).should('have.value', jddCelib.moisLogement);\ncy.get('#housingStatusFrom-input-year').type(jddCelib.anneeLogement).should('have.value', jddCelib.anneeLogement);\ncy.get('#yucPartnerOptin').click();\ncy.get('[data-test=navigator-compact-forward]').click();\ncy.url().should('include', '/professionalsituation');\ncy.get(\"h2\").should('contain', 'Votre situation professionnelle');",
              "err": {},
              "uuid": "e8d2cc79-872b-4408-8797-3fc99493116c",
              "parentUUID": "a11abf81-25e8-4175-855c-c890657a7c89",
              "isHook": false,
              "skipped": false
            },
            {
              "title": "Etape 5 : Renseignement de la situation professionnelle",
              "fullTitle": "Parcours des pacsés Etape 5 : Renseignement de la situation professionnelle",
              "timedOut": null,
              "duration": 2177,
              "state": "passed",
              "speed": "slow",
              "pass": true,
              "fail": false,
              "pending": false,
              "context": null,
              "code": "cy.get('#activitySector-input').select(jddCelib.secteurActivite).should('contain', 'Indépendants');\ncy.wait(1000);\ncy.get('#profession-input').select(jddCelib.metier).should('have.value', jddCelib.metier);\ncy.get('#businessActivityStartDate-input-month').type(jddCelib.metierDebutMois).should('have.value', jddCelib.metierDebutMois);\ncy.get('#businessActivityStartDate-input-year').type(jddCelib.metierDebutAnnee).should('have.value', jddCelib.metierDebutAnnee);\ncy.get('[data-di-id=\"di-id-d838032c-320c79b9\"] > label').click();\ncy.get('[data-test=navigator-compact-forward]').click();\ncy.url().should('include', '/incomes');\ncy.get(\"h2\").should('contain', 'Vos revenus mensuels');",
              "err": {},
              "uuid": "8c4416d6-2e65-4845-9d25-cc21b3b3554a",
              "parentUUID": "a11abf81-25e8-4175-855c-c890657a7c89",
              "isHook": false,
              "skipped": false
            },
            {
              "title": "Etape 6 : Renseignement des revenus mensuels",
              "fullTitle": "Parcours des pacsés Etape 6 : Renseignement des revenus mensuels",
              "timedOut": null,
              "duration": 1857,
              "state": "passed",
              "speed": "slow",
              "pass": true,
              "fail": false,
              "pending": false,
              "context": null,
              "code": "cy.get('#mainIncome-input').type(jddCelib.revenuNet).should('have.value', jddCelib.revenuNet);\ncy.wait(1000);\ncy.get('#housingAssistance-input').type(jddCelib.housingAssistance).should('have.value', jddCelib.housingAssistance);\ncy.get('#additionalIncome-input').type(jddCelib.additionalIncome).should('have.value', jddCelib.additionalIncome);\ncy.get('[data-test=navigator-compact-forward]').click();\ncy.url().should('include', '/outcomes');\ncy.get(\"h2\").should('contain', 'Vos charges mensuelles');",
              "err": {},
              "uuid": "1068eb5f-28f5-42be-ba6d-e217b19b5bd7",
              "parentUUID": "a11abf81-25e8-4175-855c-c890657a7c89",
              "isHook": false,
              "skipped": false
            },
            {
              "title": "Etape 7 : Renseignement des charges mensuelles",
              "fullTitle": "Parcours des pacsés Etape 7 : Renseignement des charges mensuelles",
              "timedOut": null,
              "duration": 1697,
              "state": "passed",
              "speed": "slow",
              "pass": true,
              "fail": false,
              "pending": false,
              "context": null,
              "code": "cy.get('#rentAmount-input').type(jddCelib.emprunt).should('have.value', jddCelib.emprunt);\ncy.wait(1000);\ncy.get('#loanCount-input').select(jddCelib.loanCount).should('have.value', jddCelib.loanCount);\ncy.get('[data-test=navigator-compact-forward]').click();\ncy.url().should('include', '/bank');\ncy.get(\"h2\").should('contain', 'Votre banque');",
              "err": {},
              "uuid": "979cd59f-ba7a-480e-8dcd-23e5cade52c3",
              "parentUUID": "a11abf81-25e8-4175-855c-c890657a7c89",
              "isHook": false,
              "skipped": false
            },
            {
              "title": "Etape 8 : Renseignement de la banque",
              "fullTitle": "Parcours des pacsés Etape 8 : Renseignement de la banque",
              "timedOut": null,
              "duration": 1702,
              "state": "passed",
              "speed": "slow",
              "pass": true,
              "fail": false,
              "pending": false,
              "context": null,
              "code": "cy.get('#bankCode-input').select(jddCelib.bank).should('have.value', jddCelib.bank);\ncy.wait(1000);\ncy.get('#bankFrom-input-year').type(jddCelib.bankFromYear).should('have.value', jddCelib.bankFromYear);\ncy.get('[data-test=navigator-compact-forward]').click();\ncy.url().should('include', '/identity');\ncy.get(\"h2\").should('contain', 'Vos informations');",
              "err": {},
              "uuid": "80164d08-a97b-404c-9640-851d71268524",
              "parentUUID": "a11abf81-25e8-4175-855c-c890657a7c89",
              "isHook": false,
              "skipped": false
            },
            {
              "title": "Etape 8 : Détails identité",
              "fullTitle": "Parcours des pacsés Etape 8 : Détails identité",
              "timedOut": null,
              "duration": 2391,
              "state": "passed",
              "speed": "slow",
              "pass": true,
              "fail": false,
              "pending": false,
              "context": null,
              "code": "cy.get('[data-di-id=\"di-id-bf89a9dc-e017ffb1\"] > label').click();\ncy.get('#lastName-input').type(jddCelib.lastName).should('have.value', jddCelib.lastName);\ncy.get('#firstName-input').type(jddCelib.firstName).should('have.value', jddCelib.firstName);\ncy.get('#dateOfBirth-input-day').type(jddCelib.dayBirth).should('have.value', jddCelib.dayBirth);\ncy.get('#dateOfBirth-input-month').type(jddCelib.monthBirth).should('have.value', jddCelib.monthBirth);\ncy.get('#dateOfBirth-input-year').type(jddCelib.yearBirth).should('have.value', jddCelib.yearBirth);\ncy.get('#postalCode-input').type(jddCelib.postalCode).should('have.value', jddCelib.postalCode);\ncy.get('#city-input').select(jddCelib.city).should('have.value', '1927219000');\ncy.get('[data-test=navigator-compact-forward]').click();\ncy.url().should('include', '/contact');\ncy.get(\"h2\").should('contain', 'Vos coordonnées');",
              "err": {},
              "uuid": "adfb2a7b-10c1-402f-8591-8d49eff51462",
              "parentUUID": "a11abf81-25e8-4175-855c-c890657a7c89",
              "isHook": false,
              "skipped": false
            },
            {
              "title": "Etape 9 : Coordonnées",
              "fullTitle": "Parcours des pacsés Etape 9 : Coordonnées",
              "timedOut": null,
              "duration": 9854,
              "state": "passed",
              "speed": "slow",
              "pass": true,
              "fail": false,
              "pending": false,
              "context": null,
              "code": "cy.get('#cellPhoneNumber-input').type(jddCelib.cellPhoneNumber).should('have.value', jddCelib.cellPhoneNumber);\ncy.get('#address-input').type(jddCelib.firstName).should('have.value', jddCelib.firstName);\ncy.get('#postalCode-input').type(jddCelib.postalCode).should('have.value', jddCelib.postalCode);\ncy.get('#city-input').select(jddCelib.city).should('have.value', '1927219000');\ncy.get('#countryZone-input').select(jddCelib.countryZone).should('have.value', 'FR');\ncy.get('[data-test=navigator-compact-forward]').click();\ncy.wait(8000);\ncy.url().should('include', '/offers');\ncy.get(\"body\").should('contain', jddCelib.firstName);",
              "err": {},
              "uuid": "ddc0af1d-881c-44fd-8685-616ce463ce1d",
              "parentUUID": "a11abf81-25e8-4175-855c-c890657a7c89",
              "isHook": false,
              "skipped": false
            }
          ],
          "suites": [],
          "passes": [
            "4f8b0946-2052-4906-8676-21f8947e7adb",
            "a49ca0d6-1578-44dc-b06c-4674d615eef4",
            "6a004512-58f5-4371-acd6-a98959c7a9ef",
            "e8d2cc79-872b-4408-8797-3fc99493116c",
            "8c4416d6-2e65-4845-9d25-cc21b3b3554a",
            "1068eb5f-28f5-42be-ba6d-e217b19b5bd7",
            "979cd59f-ba7a-480e-8dcd-23e5cade52c3",
            "80164d08-a97b-404c-9640-851d71268524",
            "adfb2a7b-10c1-402f-8591-8d49eff51462",
            "ddc0af1d-881c-44fd-8685-616ce463ce1d"
          ],
          "failures": [],
          "pending": [],
          "skipped": [],
          "duration": 38150,
          "root": false,
          "rootEmpty": false,
          "_timeout": 2000
        }
      ],
      "passes": [],
      "failures": [],
      "pending": [],
      "skipped": [],
      "duration": 0,
      "root": true,
      "rootEmpty": true,
      "_timeout": 2000
    },
    {
      "uuid": "227aa843-6d82-4838-b765-7e34c5b9d8aa",
      "title": "",
      "fullFile": "cypress\\integration\\Profils\\Celibataire.spec.js",
      "file": "cypress\\integration\\Profils\\Celibataire.spec.js",
      "beforeHooks": [],
      "afterHooks": [],
      "tests": [],
      "suites": [
        {
          "uuid": "a93407aa-592c-4d0d-970a-e082be8bd130",
          "title": "Parcours du célibataire",
          "fullFile": "",
          "file": "",
          "beforeHooks": [],
          "afterHooks": [],
          "tests": [
            {
              "title": "Etape 1 : Sélection du projet",
              "fullTitle": "Parcours du célibataire Etape 1 : Sélection du projet",
              "timedOut": null,
              "duration": 13227,
              "state": "passed",
              "speed": "slow",
              "pass": true,
              "fail": false,
              "pending": false,
              "context": null,
              "code": "cy.selectionProjet(jddCelib.projectSelect, jddCelib.amount, jddCelib.creditMaturity);\ncy.get('[data-di-id=di-id-bca9a80c-4fc29f73]').click();\ncy.url().should('include', '/email');\ncy.get(\"h2\").should('contain', 'Découvrez votre offre de prêt de');",
              "err": {},
              "uuid": "2b0ef238-c10f-4ec6-b3e9-f313454a1af0",
              "parentUUID": "a93407aa-592c-4d0d-970a-e082be8bd130",
              "isHook": false,
              "skipped": false
            },
            {
              "title": "Etape 2 : Renseignement du mail",
              "fullTitle": "Parcours du célibataire Etape 2 : Renseignement du mail",
              "timedOut": null,
              "duration": 2821,
              "state": "passed",
              "speed": "slow",
              "pass": true,
              "fail": false,
              "pending": false,
              "context": null,
              "code": "cy.renseignementMail(jddCelib.mail);\ncy.wait(2000);\ncy.get('[data-di-id=\"di-id-8c30ab93-a687b9f3\"]').click();\ncy.url().should('include', '/familysituation');\ncy.get(\"h2\").should('contain', 'Votre situation familiale');",
              "err": {},
              "uuid": "a79fcb5a-18c8-4abf-a393-98896eac8aae",
              "parentUUID": "a93407aa-592c-4d0d-970a-e082be8bd130",
              "isHook": false,
              "skipped": false
            }
          ],
          "suites": [],
          "passes": [
            "2b0ef238-c10f-4ec6-b3e9-f313454a1af0",
            "a79fcb5a-18c8-4abf-a393-98896eac8aae"
          ],
          "failures": [],
          "pending": [],
          "skipped": [],
          "duration": 16048,
          "root": false,
          "rootEmpty": false,
          "_timeout": 2000
        }
      ],
      "passes": [],
      "failures": [],
      "pending": [],
      "skipped": [],
      "duration": 0,
      "root": true,
      "rootEmpty": true,
      "_timeout": 2000
    }
  ],
  "meta": {
    "mocha": {
      "version": "7.0.1"
    },
    "mochawesome": {
      "options": {
        "quiet": false,
        "reportFilename": "mochawesome",
        "saveHtml": false,
        "saveJson": true,
        "consoleReporter": "spec",
        "useInlineDiffs": false,
        "code": true
      },
      "version": "6.1.1"
    },
    "marge": {
      "options": {
        "reportDir": "cypress/results",
        "overwrite": false,
        "html": false,
        "json": true
      },
      "version": "5.1.0"
    }
  }
}