{
  "stats": {
    "suites": 1,
    "tests": 10,
    "passes": 10,
    "pending": 0,
    "failures": 0,
    "start": "2020-07-24T14:09:03.273Z",
    "end": "2020-07-24T14:09:43.825Z",
    "duration": 40552,
    "testsRegistered": 10,
    "passPercent": 100,
    "pendingPercent": 0,
    "other": 0,
    "hasOther": false,
    "skipped": 0,
    "hasSkipped": false
  },
  "results": [
    {
      "uuid": "07734824-b071-43e5-b457-4abf4f93dde4",
      "title": "",
      "fullFile": "cypress\\integration\\Profils\\Marié.spec.js",
      "file": "cypress\\integration\\Profils\\Marié.spec.js",
      "beforeHooks": [],
      "afterHooks": [],
      "tests": [],
      "suites": [
        {
          "uuid": "3188e114-e87b-453f-9703-864a2918309d",
          "title": "Parcours des mariés",
          "fullFile": "",
          "file": "",
          "beforeHooks": [],
          "afterHooks": [],
          "tests": [
            {
              "title": "Etape 1 : Sélection du type de crédit",
              "fullTitle": "Parcours des mariés Etape 1 : Sélection du type de crédit",
              "timedOut": null,
              "duration": 11142,
              "state": "passed",
              "speed": "slow",
              "pass": true,
              "fail": false,
              "pending": false,
              "context": null,
              "code": "cy.get('#projectSelect').select(jddCelib.projet).should('contain', 'Déménagement');\ncy.get('#amount').select(jddCelib.montantPrêt).should('contain', '3500 €');\ncy.get('#creditMaturity').select(jddCelib.maturitéCrédit).should('contain', '24 mois');\ncy.get('#simulator_1 > .simulator > .simulator-select  > .btn').click();\ncy.url().should('include', '/email');\ncy.get(\"h2\").should('contain', 'Découvrez votre offre de prêt de');",
              "err": {},
              "uuid": "77594b0f-31e8-48ee-bdf3-61542e4fbe03",
              "parentUUID": "3188e114-e87b-453f-9703-864a2918309d",
              "isHook": false,
              "skipped": false
            },
            {
              "title": "Etape 2 : Renseignement du mail",
              "fullTitle": "Parcours des mariés Etape 2 : Renseignement du mail",
              "timedOut": null,
              "duration": 2849,
              "state": "passed",
              "speed": "slow",
              "pass": true,
              "fail": false,
              "pending": false,
              "context": null,
              "code": "cy.get('#email-input').type(jddCelib.mail).should('have.value', jddCelib.mail);\ncy.wait(2000);\ncy.get('[data-di-id=\"di-id-8c30ab93-a687b9f3\"]').click();\ncy.url().should('include', '/familysituation');\ncy.get(\"h2\").should('contain', 'Votre situation familiale');",
              "err": {},
              "uuid": "a02c6b58-31aa-4f6e-9b90-41ab1a2e3497",
              "parentUUID": "3188e114-e87b-453f-9703-864a2918309d",
              "isHook": false,
              "skipped": false
            },
            {
              "title": "Etape 3 : Renseignement de la situation familiale",
              "fullTitle": "Parcours des mariés Etape 3 : Renseignement de la situation familiale",
              "timedOut": null,
              "duration": 2772,
              "state": "passed",
              "speed": "slow",
              "pass": true,
              "fail": false,
              "pending": false,
              "context": null,
              "code": "cy.get('#maritalStatus-input').select(jddCelib.statut).should('contain', 'Célibataire');\ncy.wait(2000);\ncy.get('#childNumberPropal-input').select(jddCelib.nbreEnfants).should('contain', jddCelib.nbreEnfants);\ncy.get('#yucOptin').click();\ncy.get('[data-test=navigator-compact-forward]').click();\ncy.url().should('include', '/housing');\ncy.get(\"h2\").should('contain', 'Votre logement');",
              "err": {},
              "uuid": "24223fb0-755e-4fa3-91ae-7631cf30a44b",
              "parentUUID": "3188e114-e87b-453f-9703-864a2918309d",
              "isHook": false,
              "skipped": false
            },
            {
              "title": "Etape 4 : Renseignement du logement",
              "fullTitle": "Parcours des mariés Etape 4 : Renseignement du logement",
              "timedOut": null,
              "duration": 2020,
              "state": "passed",
              "speed": "slow",
              "pass": true,
              "fail": false,
              "pending": false,
              "context": null,
              "code": "cy.get('#housingStatus-input').select(jddCelib.statutLogement).should('contain', 'Locataire');\ncy.wait(1000);\ncy.get('#housingStatusFrom-input-month').type(jddCelib.moisLogement).should('have.value', jddCelib.moisLogement);\ncy.get('#housingStatusFrom-input-year').type(jddCelib.anneeLogement).should('have.value', jddCelib.anneeLogement);\ncy.get('#yucPartnerOptin').click();\ncy.get('[data-test=navigator-compact-forward]').click();\ncy.url().should('include', '/professionalsituation');\ncy.get(\"h2\").should('contain', 'Votre situation professionnelle');",
              "err": {},
              "uuid": "df70d2cc-0890-4eea-9e6d-3b7afc115ec4",
              "parentUUID": "3188e114-e87b-453f-9703-864a2918309d",
              "isHook": false,
              "skipped": false
            },
            {
              "title": "Etape 5 : Renseignement de la situation professionnelle",
              "fullTitle": "Parcours des mariés Etape 5 : Renseignement de la situation professionnelle",
              "timedOut": null,
              "duration": 2144,
              "state": "passed",
              "speed": "slow",
              "pass": true,
              "fail": false,
              "pending": false,
              "context": null,
              "code": "cy.get('#activitySector-input').select(jddCelib.secteurActivite).should('contain', 'Indépendants');\ncy.wait(1000);\ncy.get('#profession-input').select(jddCelib.metier).should('have.value', jddCelib.metier);\ncy.get('#businessActivityStartDate-input-month').type(jddCelib.metierDebutMois).should('have.value', jddCelib.metierDebutMois);\ncy.get('#businessActivityStartDate-input-year').type(jddCelib.metierDebutAnnee).should('have.value', jddCelib.metierDebutAnnee);\ncy.get('[data-di-id=\"di-id-d838032c-320c79b9\"] > label').click();\ncy.get('[data-test=navigator-compact-forward]').click();\ncy.url().should('include', '/incomes');\ncy.get(\"h2\").should('contain', 'Vos revenus mensuels');",
              "err": {},
              "uuid": "847fe3dc-d81a-40da-a3a0-5327f513c95a",
              "parentUUID": "3188e114-e87b-453f-9703-864a2918309d",
              "isHook": false,
              "skipped": false
            },
            {
              "title": "Etape 6 : Renseignement des revenus mensuels",
              "fullTitle": "Parcours des mariés Etape 6 : Renseignement des revenus mensuels",
              "timedOut": null,
              "duration": 1899,
              "state": "passed",
              "speed": "slow",
              "pass": true,
              "fail": false,
              "pending": false,
              "context": null,
              "code": "cy.get('#mainIncome-input').type(jddCelib.revenuNet).should('have.value', jddCelib.revenuNet);\ncy.wait(1000);\ncy.get('#housingAssistance-input').type(jddCelib.housingAssistance).should('have.value', jddCelib.housingAssistance);\ncy.get('#additionalIncome-input').type(jddCelib.additionalIncome).should('have.value', jddCelib.additionalIncome);\ncy.get('[data-test=navigator-compact-forward]').click();\ncy.url().should('include', '/outcomes');\ncy.get(\"h2\").should('contain', 'Vos charges mensuelles');",
              "err": {},
              "uuid": "fbc97102-ede6-4148-9f4e-b11d4be56748",
              "parentUUID": "3188e114-e87b-453f-9703-864a2918309d",
              "isHook": false,
              "skipped": false
            },
            {
              "title": "Etape 7 : Renseignement des charges mensuelles",
              "fullTitle": "Parcours des mariés Etape 7 : Renseignement des charges mensuelles",
              "timedOut": null,
              "duration": 1698,
              "state": "passed",
              "speed": "slow",
              "pass": true,
              "fail": false,
              "pending": false,
              "context": null,
              "code": "cy.get('#rentAmount-input').type(jddCelib.emprunt).should('have.value', jddCelib.emprunt);\ncy.wait(1000);\ncy.get('#loanCount-input').select(jddCelib.loanCount).should('have.value', jddCelib.loanCount);\ncy.get('[data-test=navigator-compact-forward]').click();\ncy.url().should('include', '/bank');\ncy.get(\"h2\").should('contain', 'Votre banque');",
              "err": {},
              "uuid": "2ccbe0c4-056d-42ee-aa4e-742c36915a56",
              "parentUUID": "3188e114-e87b-453f-9703-864a2918309d",
              "isHook": false,
              "skipped": false
            },
            {
              "title": "Etape 8 : Renseignement de la banque",
              "fullTitle": "Parcours des mariés Etape 8 : Renseignement de la banque",
              "timedOut": null,
              "duration": 1722,
              "state": "passed",
              "speed": "slow",
              "pass": true,
              "fail": false,
              "pending": false,
              "context": null,
              "code": "cy.get('#bankCode-input').select(jddCelib.bank).should('have.value', jddCelib.bank);\ncy.wait(1000);\ncy.get('#bankFrom-input-year').type(jddCelib.bankFromYear).should('have.value', jddCelib.bankFromYear);\ncy.get('[data-test=navigator-compact-forward]').click();\ncy.url().should('include', '/identity');\ncy.get(\"h2\").should('contain', 'Vos informations');",
              "err": {},
              "uuid": "b7442d38-a2f9-435e-ab06-8e3881b285fa",
              "parentUUID": "3188e114-e87b-453f-9703-864a2918309d",
              "isHook": false,
              "skipped": false
            },
            {
              "title": "Etape 8 : Détails identité",
              "fullTitle": "Parcours des mariés Etape 8 : Détails identité",
              "timedOut": null,
              "duration": 2362,
              "state": "passed",
              "speed": "slow",
              "pass": true,
              "fail": false,
              "pending": false,
              "context": null,
              "code": "cy.get('[data-di-id=\"di-id-bf89a9dc-e017ffb1\"] > label').click();\ncy.get('#lastName-input').type(jddCelib.lastName).should('have.value', jddCelib.lastName);\ncy.get('#firstName-input').type(jddCelib.firstName).should('have.value', jddCelib.firstName);\ncy.get('#dateOfBirth-input-day').type(jddCelib.dayBirth).should('have.value', jddCelib.dayBirth);\ncy.get('#dateOfBirth-input-month').type(jddCelib.monthBirth).should('have.value', jddCelib.monthBirth);\ncy.get('#dateOfBirth-input-year').type(jddCelib.yearBirth).should('have.value', jddCelib.yearBirth);\ncy.get('#postalCode-input').type(jddCelib.postalCode).should('have.value', jddCelib.postalCode);\ncy.get('#city-input').select(jddCelib.city).should('have.value', '1927219000');\ncy.get('[data-test=navigator-compact-forward]').click();\ncy.url().should('include', '/contact');\ncy.get(\"h2\").should('contain', 'Vos coordonnées');",
              "err": {},
              "uuid": "a3cc3e8e-675e-4612-a804-8e01837ee09f",
              "parentUUID": "3188e114-e87b-453f-9703-864a2918309d",
              "isHook": false,
              "skipped": false
            },
            {
              "title": "Etape 9 : Coordonnées",
              "fullTitle": "Parcours des mariés Etape 9 : Coordonnées",
              "timedOut": null,
              "duration": 9681,
              "state": "passed",
              "speed": "slow",
              "pass": true,
              "fail": false,
              "pending": false,
              "context": null,
              "code": "cy.get('#cellPhoneNumber-input').type(jddCelib.cellPhoneNumber).should('have.value', jddCelib.cellPhoneNumber);\ncy.get('#address-input').type(jddCelib.firstName).should('have.value', jddCelib.firstName);\ncy.get('#postalCode-input').type(jddCelib.postalCode).should('have.value', jddCelib.postalCode);\ncy.get('#city-input').select(jddCelib.city).should('have.value', '1927219000');\ncy.get('#countryZone-input').select(jddCelib.countryZone).should('have.value', 'FR');\ncy.get('[data-test=navigator-compact-forward]').click();\ncy.wait(8000);\ncy.url().should('include', '/offers');\ncy.get(\"body\").should('contain', jddCelib.firstName);",
              "err": {},
              "uuid": "26539077-f2f5-47a7-b84f-bc491c418cea",
              "parentUUID": "3188e114-e87b-453f-9703-864a2918309d",
              "isHook": false,
              "skipped": false
            }
          ],
          "suites": [],
          "passes": [
            "77594b0f-31e8-48ee-bdf3-61542e4fbe03",
            "a02c6b58-31aa-4f6e-9b90-41ab1a2e3497",
            "24223fb0-755e-4fa3-91ae-7631cf30a44b",
            "df70d2cc-0890-4eea-9e6d-3b7afc115ec4",
            "847fe3dc-d81a-40da-a3a0-5327f513c95a",
            "fbc97102-ede6-4148-9f4e-b11d4be56748",
            "2ccbe0c4-056d-42ee-aa4e-742c36915a56",
            "b7442d38-a2f9-435e-ab06-8e3881b285fa",
            "a3cc3e8e-675e-4612-a804-8e01837ee09f",
            "26539077-f2f5-47a7-b84f-bc491c418cea"
          ],
          "failures": [],
          "pending": [],
          "skipped": [],
          "duration": 38289,
          "root": false,
          "rootEmpty": false,
          "_timeout": 2000
        }
      ],
      "passes": [],
      "failures": [],
      "pending": [],
      "skipped": [],
      "duration": 0,
      "root": true,
      "rootEmpty": true,
      "_timeout": 2000
    }
  ],
  "meta": {
    "mocha": {
      "version": "7.0.1"
    },
    "mochawesome": {
      "options": {
        "quiet": false,
        "reportFilename": "mochawesome",
        "saveHtml": false,
        "saveJson": true,
        "consoleReporter": "spec",
        "useInlineDiffs": false,
        "code": true
      },
      "version": "6.1.1"
    },
    "marge": {
      "options": {
        "reportDir": "cypress/results",
        "overwrite": false,
        "html": false,
        "json": true
      },
      "version": "5.1.0"
    }
  }
}