{
  "stats": {
    "suites": 1,
    "tests": 10,
    "passes": 10,
    "pending": 0,
    "failures": 0,
    "start": "2020-07-27T12:29:15.427Z",
    "end": "2020-07-27T12:29:55.056Z",
    "duration": 39629,
    "testsRegistered": 10,
    "passPercent": 100,
    "pendingPercent": 0,
    "other": 0,
    "hasOther": false,
    "skipped": 0,
    "hasSkipped": false
  },
  "results": [
    {
      "uuid": "d673825f-8715-43c0-855e-e883c8e0521e",
      "title": "",
      "fullFile": "cypress\\integration\\Profils\\Celibataire.spec.js",
      "file": "cypress\\integration\\Profils\\Celibataire.spec.js",
      "beforeHooks": [],
      "afterHooks": [],
      "tests": [],
      "suites": [
        {
          "uuid": "0e089bf6-af35-4a13-b324-9375feca7dc7",
          "title": "Parcours du célibataire",
          "fullFile": "",
          "file": "",
          "beforeHooks": [],
          "afterHooks": [],
          "tests": [
            {
              "title": "ETAPE 1 : Sélection du projet",
              "fullTitle": "Parcours du célibataire ETAPE 1 : Sélection du projet",
              "timedOut": null,
              "duration": 13732,
              "state": "passed",
              "speed": "slow",
              "pass": true,
              "fail": false,
              "pending": false,
              "context": null,
              "code": "cy.selectionProjet(jddCelib.projectSelect, jddCelib.amount, jddCelib.creditMaturity);\ncy.get('[data-di-id=di-id-bca9a80c-4fc29f73]').click();\ncy.url().should('include', '/email');\ncy.get(\"h2\").should('contain', 'Découvrez votre offre de prêt de');",
              "err": {},
              "uuid": "380e269c-5b2c-4c82-92ad-28847bcea3cc",
              "parentUUID": "0e089bf6-af35-4a13-b324-9375feca7dc7",
              "isHook": false,
              "skipped": false
            },
            {
              "title": "ETAPE 2 : Renseignement du mail",
              "fullTitle": "Parcours du célibataire ETAPE 2 : Renseignement du mail",
              "timedOut": null,
              "duration": 2903,
              "state": "passed",
              "speed": "slow",
              "pass": true,
              "fail": false,
              "pending": false,
              "context": null,
              "code": "cy.renseignementMail(jddCelib.mail);\ncy.wait(2000);\ncy.get('[data-di-id=\"di-id-8c30ab93-a687b9f3\"]').click();\ncy.url().should('include', '/familysituation');\ncy.get(\"h2\").should('contain', 'Votre situation familiale');",
              "err": {},
              "uuid": "afb46353-f2dd-4b5d-953a-53aca77fdc42",
              "parentUUID": "0e089bf6-af35-4a13-b324-9375feca7dc7",
              "isHook": false,
              "skipped": false
            },
            {
              "title": "ETAPE 3 : Renseignement de la situation familiale",
              "fullTitle": "Parcours du célibataire ETAPE 3 : Renseignement de la situation familiale",
              "timedOut": null,
              "duration": 590,
              "state": "passed",
              "speed": "slow",
              "pass": true,
              "fail": false,
              "pending": false,
              "context": null,
              "code": "cy.statutMarital(jddCelib.maritalStatus, jddCelib.childNumberPropal);\ncy.get('#yucOptin').click();\ncy.get('[data-test=navigator-compact-forward]').click();\ncy.url().should('include', '/housing');\ncy.get(\"h2\").should('contain', 'Votre logement');",
              "err": {},
              "uuid": "8c6c2f42-3ac2-47f1-8e00-3021bc0ed1bc",
              "parentUUID": "0e089bf6-af35-4a13-b324-9375feca7dc7",
              "isHook": false,
              "skipped": false
            },
            {
              "title": "ETAPE 4 : Renseignement du logement",
              "fullTitle": "Parcours du célibataire ETAPE 4 : Renseignement du logement",
              "timedOut": null,
              "duration": 2007,
              "state": "passed",
              "speed": "slow",
              "pass": true,
              "fail": false,
              "pending": false,
              "context": null,
              "code": "cy.statutLogement(jddCelib.housingStatus, jddCelib.housingStatusFromMonth, jddCelib.housingStatusFromYear);\ncy.get('#yucPartnerOptin').click();\ncy.get('[data-test=navigator-compact-forward]').click();\ncy.url().should('include', '/professionalsituation');\ncy.get(\"h2\").should('contain', 'Votre situation professionnelle');",
              "err": {},
              "uuid": "ce8cfd0d-ca83-4e11-82a4-9134a83f85ac",
              "parentUUID": "0e089bf6-af35-4a13-b324-9375feca7dc7",
              "isHook": false,
              "skipped": false
            },
            {
              "title": "ETAPE 5 : Renseignement de la situation professionnelle",
              "fullTitle": "Parcours du célibataire ETAPE 5 : Renseignement de la situation professionnelle",
              "timedOut": null,
              "duration": 2217,
              "state": "passed",
              "speed": "slow",
              "pass": true,
              "fail": false,
              "pending": false,
              "context": null,
              "code": "cy.activity(jddCelib.activitySector, jddCelib.profession, jddCelib.businessActivityStartDateMonth, jddCelib.businessActivityStartDateYear);\ncy.get('[data-di-id=\"di-id-d838032c-320c79b9\"] > label').click();\ncy.get('[data-test=navigator-compact-forward]').click();\ncy.url().should('include', '/incomes');\ncy.get(\"h2\").should('contain', 'Vos revenus mensuels');",
              "err": {},
              "uuid": "11812f52-3733-4698-b025-e413219975d0",
              "parentUUID": "0e089bf6-af35-4a13-b324-9375feca7dc7",
              "isHook": false,
              "skipped": false
            },
            {
              "title": "ETAPE 6 : Renseignement des revenus mensuels",
              "fullTitle": "Parcours du célibataire ETAPE 6 : Renseignement des revenus mensuels",
              "timedOut": null,
              "duration": 746,
              "state": "passed",
              "speed": "slow",
              "pass": true,
              "fail": false,
              "pending": false,
              "context": null,
              "code": "cy.revenusMensuels(jddCelib.mainIncome, jddCelib.housingAssistance, jddCelib.additionalIncome);\ncy.get('[data-test=navigator-compact-forward]').click();\ncy.url().should('include', '/outcomes');\ncy.get(\"h2\").should('contain', 'Vos charges mensuelles');",
              "err": {},
              "uuid": "fc762a9c-0be1-402c-ba0c-c53b86a01ee5",
              "parentUUID": "0e089bf6-af35-4a13-b324-9375feca7dc7",
              "isHook": false,
              "skipped": false
            },
            {
              "title": "ETAPE 7 : Renseignement des charges mensuelles",
              "fullTitle": "Parcours du célibataire ETAPE 7 : Renseignement des charges mensuelles",
              "timedOut": null,
              "duration": 950,
              "state": "passed",
              "speed": "slow",
              "pass": true,
              "fail": false,
              "pending": false,
              "context": null,
              "code": "cy.chargesMensuelles(jddCelib.rentAmount, jddCelib.loanCount, jddCelib.creditOne, jddCelib.loanAmount);\ncy.get('[data-test=navigator-compact-forward]').click();\ncy.url().should('include', '/bank');\ncy.get(\"h2\").should('contain', 'Votre banque');",
              "err": {},
              "uuid": "227ba662-2b71-4828-9367-0f1a1483a973",
              "parentUUID": "0e089bf6-af35-4a13-b324-9375feca7dc7",
              "isHook": false,
              "skipped": false
            },
            {
              "title": "ETAPE 8 : Renseignement de la banque",
              "fullTitle": "Parcours du célibataire ETAPE 8 : Renseignement de la banque",
              "timedOut": null,
              "duration": 1760,
              "state": "passed",
              "speed": "slow",
              "pass": true,
              "fail": false,
              "pending": false,
              "context": null,
              "code": "cy.banque(jddCelib.bank, jddCelib.bankFromYear);\ncy.get('[data-test=navigator-compact-forward]').click();\ncy.url().should('include', '/identity');\ncy.get(\"h2\").should('contain', 'Vos informations');",
              "err": {},
              "uuid": "26359c93-6b96-4536-9476-e29193314554",
              "parentUUID": "0e089bf6-af35-4a13-b324-9375feca7dc7",
              "isHook": false,
              "skipped": false
            },
            {
              "title": "ETAPE 9 : Détails identité",
              "fullTitle": "Parcours du célibataire ETAPE 9 : Détails identité",
              "timedOut": null,
              "duration": 2382,
              "state": "passed",
              "speed": "slow",
              "pass": true,
              "fail": false,
              "pending": false,
              "context": null,
              "code": "cy.identite(jddCelib.gender, jddCelib.lastName, jddCelib.firstName, jddCelib.dayBirth, jddCelib.monthBirth, jddCelib.yearBirth, jddCelib.postalCode, jddCelib.city);\ncy.get('[data-test=navigator-compact-forward]').click();\ncy.url().should('include', '/contact');\ncy.get(\"h2\").should('contain', 'Vos coordonnées');",
              "err": {},
              "uuid": "c95bc684-7b90-4128-be71-c71e59d35ce1",
              "parentUUID": "0e089bf6-af35-4a13-b324-9375feca7dc7",
              "isHook": false,
              "skipped": false
            },
            {
              "title": "ETAPE 10 : Page Contact",
              "fullTitle": "Parcours du célibataire ETAPE 10 : Page Contact",
              "timedOut": null,
              "duration": 9849,
              "state": "passed",
              "speed": "slow",
              "pass": true,
              "fail": false,
              "pending": false,
              "context": null,
              "code": "cy.contact(jddCelib.cellPhoneNumber, jddCelib.adress, jddCelib.postalCode, jddCelib.city, jddCelib.countryZone);\ncy.get('[data-test=navigator-compact-forward]').click();\ncy.wait(8000);\ncy.url().should('include', '/offers');\ncy.get(\"body\").should('contain', jddCelib.firstName);",
              "err": {},
              "uuid": "84655251-8329-4e44-b031-bf13874c9c4b",
              "parentUUID": "0e089bf6-af35-4a13-b324-9375feca7dc7",
              "isHook": false,
              "skipped": false
            }
          ],
          "suites": [],
          "passes": [
            "380e269c-5b2c-4c82-92ad-28847bcea3cc",
            "afb46353-f2dd-4b5d-953a-53aca77fdc42",
            "8c6c2f42-3ac2-47f1-8e00-3021bc0ed1bc",
            "ce8cfd0d-ca83-4e11-82a4-9134a83f85ac",
            "11812f52-3733-4698-b025-e413219975d0",
            "fc762a9c-0be1-402c-ba0c-c53b86a01ee5",
            "227ba662-2b71-4828-9367-0f1a1483a973",
            "26359c93-6b96-4536-9476-e29193314554",
            "c95bc684-7b90-4128-be71-c71e59d35ce1",
            "84655251-8329-4e44-b031-bf13874c9c4b"
          ],
          "failures": [],
          "pending": [],
          "skipped": [],
          "duration": 37136,
          "root": false,
          "rootEmpty": false,
          "_timeout": 2000
        }
      ],
      "passes": [],
      "failures": [],
      "pending": [],
      "skipped": [],
      "duration": 0,
      "root": true,
      "rootEmpty": true,
      "_timeout": 2000
    }
  ],
  "meta": {
    "mocha": {
      "version": "7.0.1"
    },
    "mochawesome": {
      "options": {
        "quiet": false,
        "reportFilename": "mochawesome",
        "saveHtml": false,
        "saveJson": true,
        "consoleReporter": "spec",
        "useInlineDiffs": false,
        "code": true
      },
      "version": "6.1.1"
    },
    "marge": {
      "options": {
        "reportDir": "cypress/results",
        "overwrite": false,
        "html": false,
        "json": true
      },
      "version": "5.1.0"
    }
  }
}