{
  "stats": {
    "suites": 1,
    "tests": 12,
    "passes": 12,
    "pending": 0,
    "failures": 0,
    "start": "2020-07-27T12:29:59.799Z",
    "end": "2020-07-27T12:30:36.987Z",
    "duration": 37188,
    "testsRegistered": 12,
    "passPercent": 100,
    "pendingPercent": 0,
    "other": 0,
    "hasOther": false,
    "skipped": 0,
    "hasSkipped": false
  },
  "results": [
    {
      "uuid": "211fcc48-8fbc-44b1-b89b-9da20167737b",
      "title": "",
      "fullFile": "cypress\\integration\\Profils\\Marié.spec.js",
      "file": "cypress\\integration\\Profils\\Marié.spec.js",
      "beforeHooks": [],
      "afterHooks": [],
      "tests": [],
      "suites": [
        {
          "uuid": "cb64c1dd-4e38-4b01-9d19-97e358064850",
          "title": "Parcours des mariés",
          "fullFile": "",
          "file": "",
          "beforeHooks": [],
          "afterHooks": [],
          "tests": [
            {
              "title": "ETAPE 1 : Sélection du projet",
              "fullTitle": "Parcours des mariés ETAPE 1 : Sélection du projet",
              "timedOut": null,
              "duration": 11629,
              "state": "passed",
              "speed": "slow",
              "pass": true,
              "fail": false,
              "pending": false,
              "context": null,
              "code": "cy.selectionProjet(jddMarie.projectSelect, jddMarie.amount, jddMarie.creditMaturity);\ncy.get('[data-di-id=di-id-bca9a80c-4fc29f73]').click();\ncy.url().should('include', '/email');\ncy.get(\"h2\").should('contain', 'Découvrez votre offre de prêt de');",
              "err": {},
              "uuid": "fa0af965-062c-43ea-9f99-9b7706d77526",
              "parentUUID": "cb64c1dd-4e38-4b01-9d19-97e358064850",
              "isHook": false,
              "skipped": false
            },
            {
              "title": "ETAPE 2 : Renseignement du mail",
              "fullTitle": "Parcours des mariés ETAPE 2 : Renseignement du mail",
              "timedOut": null,
              "duration": 2870,
              "state": "passed",
              "speed": "slow",
              "pass": true,
              "fail": false,
              "pending": false,
              "context": null,
              "code": "cy.renseignementMail(jddMarie.mail);\ncy.wait(2000);\ncy.get('[data-di-id=\"di-id-8c30ab93-a687b9f3\"]').click();\ncy.url().should('include', '/familysituation');\ncy.get(\"h2\").should('contain', 'Votre situation familiale');",
              "err": {},
              "uuid": "630d6b82-0532-461d-bd4a-82b0c2ad98f1",
              "parentUUID": "cb64c1dd-4e38-4b01-9d19-97e358064850",
              "isHook": false,
              "skipped": false
            },
            {
              "title": "ETAPE 3 : Renseignement de la situation familiale",
              "fullTitle": "Parcours des mariés ETAPE 3 : Renseignement de la situation familiale",
              "timedOut": null,
              "duration": 604,
              "state": "passed",
              "speed": "slow",
              "pass": true,
              "fail": false,
              "pending": false,
              "context": null,
              "code": "cy.statutMarital(jddMarie.maritalStatus, jddMarie.childNumberPropal);\ncy.get('#yucOptin').click();\ncy.get('[data-test=navigator-compact-forward]').click();\ncy.url().should('include', '/housing');\ncy.get(\"h2\").should('contain', 'Votre logement');",
              "err": {},
              "uuid": "aca385f1-4895-4127-9f75-91575530d7f3",
              "parentUUID": "cb64c1dd-4e38-4b01-9d19-97e358064850",
              "isHook": false,
              "skipped": false
            },
            {
              "title": "ETAPE 4 : Renseignement du logement",
              "fullTitle": "Parcours des mariés ETAPE 4 : Renseignement du logement",
              "timedOut": null,
              "duration": 2049,
              "state": "passed",
              "speed": "slow",
              "pass": true,
              "fail": false,
              "pending": false,
              "context": null,
              "code": "cy.statutLogement(jddMarie.housingStatus, jddMarie.housingStatusFromMonth, jddMarie.housingStatusFromYear);\ncy.get('#yucPartnerOptin').click();\ncy.get('[data-test=navigator-compact-forward]').click();\ncy.url().should('include', '/professionalsituation');\ncy.get(\"h2\").should('contain', 'Votre situation professionnelle');",
              "err": {},
              "uuid": "dabff170-f6c9-4953-97a0-dc01edea98b3",
              "parentUUID": "cb64c1dd-4e38-4b01-9d19-97e358064850",
              "isHook": false,
              "skipped": false
            },
            {
              "title": "ETAPE 5 : Renseignement de la situation professionnelle",
              "fullTitle": "Parcours des mariés ETAPE 5 : Renseignement de la situation professionnelle",
              "timedOut": null,
              "duration": 2287,
              "state": "passed",
              "speed": "slow",
              "pass": true,
              "fail": false,
              "pending": false,
              "context": null,
              "code": "cy.activityMarried(jddMarie.activitySector, jddMarie.profession, jddMarie.contractType, jddMarie.employedFrominputmonth, jddMarie.employedFrominputyear);\ncy.get('[data-test=navigator-compact-forward]').click();\ncy.url().should('include', '/partnerprofession');\ncy.get(\"h2\").should('contain', 'Profession de votre conjoint');",
              "err": {},
              "uuid": "96a4f7c0-18ba-4faa-b246-a7170a867fef",
              "parentUUID": "cb64c1dd-4e38-4b01-9d19-97e358064850",
              "isHook": false,
              "skipped": false
            },
            {
              "title": "ETAPE 6 : Renseignement de la profession du conjoint",
              "fullTitle": "Parcours des mariés ETAPE 6 : Renseignement de la profession du conjoint",
              "timedOut": null,
              "duration": 2178,
              "state": "passed",
              "speed": "slow",
              "pass": true,
              "fail": false,
              "pending": false,
              "context": null,
              "code": "cy.activityPartner(jddMarie.partnerActivitySector, jddMarie.partnerProfession, jddMarie.partnerContractType, jddMarie.partnerEmployedFromMonth, jddMarie.partnerEmployedFromYear);\ncy.get('[data-test=navigator-compact-forward]').click();\ncy.url().should('include', '/incomes');\ncy.get(\"h2\").should('contain', 'Vos revenus mensuels');",
              "err": {},
              "uuid": "27634303-39ae-4da2-8b01-a62b4dcabc05",
              "parentUUID": "cb64c1dd-4e38-4b01-9d19-97e358064850",
              "isHook": false,
              "skipped": false
            },
            {
              "title": "ETAPE 7 : Renseignement des revenus mensuels",
              "fullTitle": "Parcours des mariés ETAPE 7 : Renseignement des revenus mensuels",
              "timedOut": null,
              "duration": 944,
              "state": "passed",
              "speed": "slow",
              "pass": true,
              "fail": false,
              "pending": false,
              "context": null,
              "code": "cy.revenusMensuelsMarie(jddMarie.mainIncome, jddMarie.coIncome, jddMarie.housingAssistance, jddMarie.additionalIncome);\ncy.get('[data-test=navigator-compact-forward]').click();\ncy.url().should('include', '/outcomes');\ncy.get(\"h2\").should('contain', 'Vos charges mensuelles');",
              "err": {},
              "uuid": "493e561e-f1c2-4404-bc76-eb90eea128a6",
              "parentUUID": "cb64c1dd-4e38-4b01-9d19-97e358064850",
              "isHook": false,
              "skipped": false
            },
            {
              "title": "ETAPE 8 : Renseignement des charges mensuelles",
              "fullTitle": "Parcours des mariés ETAPE 8 : Renseignement des charges mensuelles",
              "timedOut": null,
              "duration": 621,
              "state": "passed",
              "speed": "slow",
              "pass": true,
              "fail": false,
              "pending": false,
              "context": null,
              "code": "cy.chargesMensuellesMarie(jddMarie.mortgageAmount, jddMarie.loanCount);\ncy.get('[data-test=navigator-compact-forward]').click();\ncy.url().should('include', '/bank');\ncy.get(\"h2\").should('contain', 'Votre banque');",
              "err": {},
              "uuid": "2ed6c047-984c-4a1d-9504-d0802531df8f",
              "parentUUID": "cb64c1dd-4e38-4b01-9d19-97e358064850",
              "isHook": false,
              "skipped": false
            },
            {
              "title": "ETAPE 9 : Renseignement de la banque",
              "fullTitle": "Parcours des mariés ETAPE 9 : Renseignement de la banque",
              "timedOut": null,
              "duration": 1729,
              "state": "passed",
              "speed": "slow",
              "pass": true,
              "fail": false,
              "pending": false,
              "context": null,
              "code": "cy.banque(jddMarie.bank, jddMarie.bankFromYear);\ncy.get('[data-test=navigator-compact-forward]').click();\ncy.url().should('include', '/identity');\ncy.get(\"h2\").should('contain', 'Vos informations');",
              "err": {},
              "uuid": "32e360f5-5354-4350-9f92-14fbcbe2a3ce",
              "parentUUID": "cb64c1dd-4e38-4b01-9d19-97e358064850",
              "isHook": false,
              "skipped": false
            },
            {
              "title": "ETAPE 10 : Détails identité",
              "fullTitle": "Parcours des mariés ETAPE 10 : Détails identité",
              "timedOut": null,
              "duration": 2301,
              "state": "passed",
              "speed": "slow",
              "pass": true,
              "fail": false,
              "pending": false,
              "context": null,
              "code": "cy.identite(jddMarie.gender, jddMarie.lastName, jddMarie.firstName, jddMarie.dayBirth, jddMarie.monthBirth, jddMarie.yearBirth, jddMarie.postalCode, jddMarie.city);\ncy.get('[data-test=navigator-compact-forward]').click();\ncy.url().should('include', '/partneridentity');\ncy.get(\"h2\").should('contain', 'Les informations de votre conjoint');",
              "err": {},
              "uuid": "222e7427-d6e4-4c67-880a-d82f937e1af2",
              "parentUUID": "cb64c1dd-4e38-4b01-9d19-97e358064850",
              "isHook": false,
              "skipped": false
            },
            {
              "title": "ETAPE 11 : Détails identité du conjoint",
              "fullTitle": "Parcours des mariés ETAPE 11 : Détails identité du conjoint",
              "timedOut": null,
              "duration": 2574,
              "state": "passed",
              "speed": "slow",
              "pass": true,
              "fail": false,
              "pending": false,
              "context": null,
              "code": "cy.partnerIdentity(jddMarie.gender2, jddMarie.lastName2, jddMarie.maidenName, jddMarie.firstName2, jddMarie.dayBirth2, jddMarie.monthBirth2, jddMarie.yearBirth2, jddMarie.postalCode2, jddMarie.city2);\ncy.get('[data-test=navigator-compact-forward]').click();\ncy.url().should('include', '/contact');\ncy.get(\"h2\").should('contain', 'Vos coordonnées');",
              "err": {},
              "uuid": "58ed38ee-8842-40ae-8a6c-8e0dd869c768",
              "parentUUID": "cb64c1dd-4e38-4b01-9d19-97e358064850",
              "isHook": false,
              "skipped": false
            },
            {
              "title": "ETAPE 12 : Page Contact",
              "fullTitle": "Parcours des mariés ETAPE 12 : Page Contact",
              "timedOut": null,
              "duration": 5301,
              "state": "passed",
              "speed": "slow",
              "pass": true,
              "fail": false,
              "pending": false,
              "context": null,
              "code": "cy.contact(jddMarie.cellPhoneNumber, jddMarie.adress, jddMarie.postalCode, jddMarie.city, jddMarie.countryZone);\ncy.get('[data-test=navigator-compact-forward]').click();\ncy.wait(3000);\ncy.url().should('include', '/offers');",
              "err": {},
              "uuid": "852ad5f2-fab9-489b-87fa-a31d447eca1f",
              "parentUUID": "cb64c1dd-4e38-4b01-9d19-97e358064850",
              "isHook": false,
              "skipped": false
            }
          ],
          "suites": [],
          "passes": [
            "fa0af965-062c-43ea-9f99-9b7706d77526",
            "630d6b82-0532-461d-bd4a-82b0c2ad98f1",
            "aca385f1-4895-4127-9f75-91575530d7f3",
            "dabff170-f6c9-4953-97a0-dc01edea98b3",
            "96a4f7c0-18ba-4faa-b246-a7170a867fef",
            "27634303-39ae-4da2-8b01-a62b4dcabc05",
            "493e561e-f1c2-4404-bc76-eb90eea128a6",
            "2ed6c047-984c-4a1d-9504-d0802531df8f",
            "32e360f5-5354-4350-9f92-14fbcbe2a3ce",
            "222e7427-d6e4-4c67-880a-d82f937e1af2",
            "58ed38ee-8842-40ae-8a6c-8e0dd869c768",
            "852ad5f2-fab9-489b-87fa-a31d447eca1f"
          ],
          "failures": [],
          "pending": [],
          "skipped": [],
          "duration": 35087,
          "root": false,
          "rootEmpty": false,
          "_timeout": 2000
        }
      ],
      "passes": [],
      "failures": [],
      "pending": [],
      "skipped": [],
      "duration": 0,
      "root": true,
      "rootEmpty": true,
      "_timeout": 2000
    }
  ],
  "meta": {
    "mocha": {
      "version": "7.0.1"
    },
    "mochawesome": {
      "options": {
        "quiet": false,
        "reportFilename": "mochawesome",
        "saveHtml": false,
        "saveJson": true,
        "consoleReporter": "spec",
        "useInlineDiffs": false,
        "code": true
      },
      "version": "6.1.1"
    },
    "marge": {
      "options": {
        "reportDir": "cypress/results",
        "overwrite": false,
        "html": false,
        "json": true
      },
      "version": "5.1.0"
    }
  }
}