{
  "stats": {
    "suites": 1,
    "tests": 10,
    "passes": 10,
    "pending": 0,
    "failures": 0,
    "start": "2020-07-24T14:09:48.806Z",
    "end": "2020-07-24T14:10:30.561Z",
    "duration": 41755,
    "testsRegistered": 10,
    "passPercent": 100,
    "pendingPercent": 0,
    "other": 0,
    "hasOther": false,
    "skipped": 0,
    "hasSkipped": false
  },
  "results": [
    {
      "uuid": "c8eaba53-9ec9-4fb3-8d41-9f7800b453a2",
      "title": "",
      "fullFile": "cypress\\integration\\Profils\\Pacsé.spec.js",
      "file": "cypress\\integration\\Profils\\Pacsé.spec.js",
      "beforeHooks": [],
      "afterHooks": [],
      "tests": [],
      "suites": [
        {
          "uuid": "696d5e4b-25b3-4434-a261-fb70c00003c1",
          "title": "Parcours des pacsés",
          "fullFile": "",
          "file": "",
          "beforeHooks": [],
          "afterHooks": [],
          "tests": [
            {
              "title": "Etape 1 : Sélection du type de crédit",
              "fullTitle": "Parcours des pacsés Etape 1 : Sélection du type de crédit",
              "timedOut": null,
              "duration": 11779,
              "state": "passed",
              "speed": "slow",
              "pass": true,
              "fail": false,
              "pending": false,
              "context": null,
              "code": "cy.get('#projectSelect').select(jddCelib.projet).should('contain', 'Déménagement');\ncy.get('#amount').select(jddCelib.montantPrêt).should('contain', '3500 €');\ncy.get('#creditMaturity').select(jddCelib.maturitéCrédit).should('contain', '24 mois');\ncy.get('#simulator_1 > .simulator > .simulator-select  > .btn').click();\ncy.url().should('include', '/email');\ncy.get(\"h2\").should('contain', 'Découvrez votre offre de prêt de');",
              "err": {},
              "uuid": "bf34174a-f2cf-4069-a6d4-a2e91a51ebaf",
              "parentUUID": "696d5e4b-25b3-4434-a261-fb70c00003c1",
              "isHook": false,
              "skipped": false
            },
            {
              "title": "Etape 2 : Renseignement du mail",
              "fullTitle": "Parcours des pacsés Etape 2 : Renseignement du mail",
              "timedOut": null,
              "duration": 2902,
              "state": "passed",
              "speed": "slow",
              "pass": true,
              "fail": false,
              "pending": false,
              "context": null,
              "code": "cy.get('#email-input').type(jddCelib.mail).should('have.value', jddCelib.mail);\ncy.wait(2000);\ncy.get('[data-di-id=\"di-id-8c30ab93-a687b9f3\"]').click();\ncy.url().should('include', '/familysituation');\ncy.get(\"h2\").should('contain', 'Votre situation familiale');",
              "err": {},
              "uuid": "b9d492a7-e8f5-4630-843c-59e215c32b9b",
              "parentUUID": "696d5e4b-25b3-4434-a261-fb70c00003c1",
              "isHook": false,
              "skipped": false
            },
            {
              "title": "Etape 3 : Renseignement de la situation familiale",
              "fullTitle": "Parcours des pacsés Etape 3 : Renseignement de la situation familiale",
              "timedOut": null,
              "duration": 2742,
              "state": "passed",
              "speed": "slow",
              "pass": true,
              "fail": false,
              "pending": false,
              "context": null,
              "code": "cy.get('#maritalStatus-input').select(jddCelib.statut).should('contain', 'Célibataire');\ncy.wait(2000);\ncy.get('#childNumberPropal-input').select(jddCelib.nbreEnfants).should('contain', jddCelib.nbreEnfants);\ncy.get('#yucOptin').click();\ncy.get('[data-test=navigator-compact-forward]').click();\ncy.url().should('include', '/housing');\ncy.get(\"h2\").should('contain', 'Votre logement');",
              "err": {},
              "uuid": "f83cb62c-83f2-4ee6-93c1-fa62ee38a91f",
              "parentUUID": "696d5e4b-25b3-4434-a261-fb70c00003c1",
              "isHook": false,
              "skipped": false
            },
            {
              "title": "Etape 4 : Renseignement du logement",
              "fullTitle": "Parcours des pacsés Etape 4 : Renseignement du logement",
              "timedOut": null,
              "duration": 2016,
              "state": "passed",
              "speed": "slow",
              "pass": true,
              "fail": false,
              "pending": false,
              "context": null,
              "code": "cy.get('#housingStatus-input').select(jddCelib.statutLogement).should('contain', 'Locataire');\ncy.wait(1000);\ncy.get('#housingStatusFrom-input-month').type(jddCelib.moisLogement).should('have.value', jddCelib.moisLogement);\ncy.get('#housingStatusFrom-input-year').type(jddCelib.anneeLogement).should('have.value', jddCelib.anneeLogement);\ncy.get('#yucPartnerOptin').click();\ncy.get('[data-test=navigator-compact-forward]').click();\ncy.url().should('include', '/professionalsituation');\ncy.get(\"h2\").should('contain', 'Votre situation professionnelle');",
              "err": {},
              "uuid": "e3e10474-6262-4802-8c90-5666b1797e16",
              "parentUUID": "696d5e4b-25b3-4434-a261-fb70c00003c1",
              "isHook": false,
              "skipped": false
            },
            {
              "title": "Etape 5 : Renseignement de la situation professionnelle",
              "fullTitle": "Parcours des pacsés Etape 5 : Renseignement de la situation professionnelle",
              "timedOut": null,
              "duration": 2221,
              "state": "passed",
              "speed": "slow",
              "pass": true,
              "fail": false,
              "pending": false,
              "context": null,
              "code": "cy.get('#activitySector-input').select(jddCelib.secteurActivite).should('contain', 'Indépendants');\ncy.wait(1000);\ncy.get('#profession-input').select(jddCelib.metier).should('have.value', jddCelib.metier);\ncy.get('#businessActivityStartDate-input-month').type(jddCelib.metierDebutMois).should('have.value', jddCelib.metierDebutMois);\ncy.get('#businessActivityStartDate-input-year').type(jddCelib.metierDebutAnnee).should('have.value', jddCelib.metierDebutAnnee);\ncy.get('[data-di-id=\"di-id-d838032c-320c79b9\"] > label').click();\ncy.get('[data-test=navigator-compact-forward]').click();\ncy.url().should('include', '/incomes');\ncy.get(\"h2\").should('contain', 'Vos revenus mensuels');",
              "err": {},
              "uuid": "6b3bdcab-ff80-44db-b282-3544d35abe58",
              "parentUUID": "696d5e4b-25b3-4434-a261-fb70c00003c1",
              "isHook": false,
              "skipped": false
            },
            {
              "title": "Etape 6 : Renseignement des revenus mensuels",
              "fullTitle": "Parcours des pacsés Etape 6 : Renseignement des revenus mensuels",
              "timedOut": null,
              "duration": 1896,
              "state": "passed",
              "speed": "slow",
              "pass": true,
              "fail": false,
              "pending": false,
              "context": null,
              "code": "cy.get('#mainIncome-input').type(jddCelib.revenuNet).should('have.value', jddCelib.revenuNet);\ncy.wait(1000);\ncy.get('#housingAssistance-input').type(jddCelib.housingAssistance).should('have.value', jddCelib.housingAssistance);\ncy.get('#additionalIncome-input').type(jddCelib.additionalIncome).should('have.value', jddCelib.additionalIncome);\ncy.get('[data-test=navigator-compact-forward]').click();\ncy.url().should('include', '/outcomes');\ncy.get(\"h2\").should('contain', 'Vos charges mensuelles');",
              "err": {},
              "uuid": "1b4dc556-d889-4f75-b5e6-3a45fbc1b8b3",
              "parentUUID": "696d5e4b-25b3-4434-a261-fb70c00003c1",
              "isHook": false,
              "skipped": false
            },
            {
              "title": "Etape 7 : Renseignement des charges mensuelles",
              "fullTitle": "Parcours des pacsés Etape 7 : Renseignement des charges mensuelles",
              "timedOut": null,
              "duration": 1668,
              "state": "passed",
              "speed": "slow",
              "pass": true,
              "fail": false,
              "pending": false,
              "context": null,
              "code": "cy.get('#rentAmount-input').type(jddCelib.emprunt).should('have.value', jddCelib.emprunt);\ncy.wait(1000);\ncy.get('#loanCount-input').select(jddCelib.loanCount).should('have.value', jddCelib.loanCount);\ncy.get('[data-test=navigator-compact-forward]').click();\ncy.url().should('include', '/bank');\ncy.get(\"h2\").should('contain', 'Votre banque');",
              "err": {},
              "uuid": "603d5361-4901-47d1-96a7-d6828f613a35",
              "parentUUID": "696d5e4b-25b3-4434-a261-fb70c00003c1",
              "isHook": false,
              "skipped": false
            },
            {
              "title": "Etape 8 : Renseignement de la banque",
              "fullTitle": "Parcours des pacsés Etape 8 : Renseignement de la banque",
              "timedOut": null,
              "duration": 1714,
              "state": "passed",
              "speed": "slow",
              "pass": true,
              "fail": false,
              "pending": false,
              "context": null,
              "code": "cy.get('#bankCode-input').select(jddCelib.bank).should('have.value', jddCelib.bank);\ncy.wait(1000);\ncy.get('#bankFrom-input-year').type(jddCelib.bankFromYear).should('have.value', jddCelib.bankFromYear);\ncy.get('[data-test=navigator-compact-forward]').click();\ncy.url().should('include', '/identity');\ncy.get(\"h2\").should('contain', 'Vos informations');",
              "err": {},
              "uuid": "b323acbe-b9cc-479e-9c23-e36e9fd42d72",
              "parentUUID": "696d5e4b-25b3-4434-a261-fb70c00003c1",
              "isHook": false,
              "skipped": false
            },
            {
              "title": "Etape 8 : Détails identité",
              "fullTitle": "Parcours des pacsés Etape 8 : Détails identité",
              "timedOut": null,
              "duration": 2408,
              "state": "passed",
              "speed": "slow",
              "pass": true,
              "fail": false,
              "pending": false,
              "context": null,
              "code": "cy.get('[data-di-id=\"di-id-bf89a9dc-e017ffb1\"] > label').click();\ncy.get('#lastName-input').type(jddCelib.lastName).should('have.value', jddCelib.lastName);\ncy.get('#firstName-input').type(jddCelib.firstName).should('have.value', jddCelib.firstName);\ncy.get('#dateOfBirth-input-day').type(jddCelib.dayBirth).should('have.value', jddCelib.dayBirth);\ncy.get('#dateOfBirth-input-month').type(jddCelib.monthBirth).should('have.value', jddCelib.monthBirth);\ncy.get('#dateOfBirth-input-year').type(jddCelib.yearBirth).should('have.value', jddCelib.yearBirth);\ncy.get('#postalCode-input').type(jddCelib.postalCode).should('have.value', jddCelib.postalCode);\ncy.get('#city-input').select(jddCelib.city).should('have.value', '1927219000');\ncy.get('[data-test=navigator-compact-forward]').click();\ncy.url().should('include', '/contact');\ncy.get(\"h2\").should('contain', 'Vos coordonnées');",
              "err": {},
              "uuid": "500c18e1-5224-4ccf-9414-82efc590b192",
              "parentUUID": "696d5e4b-25b3-4434-a261-fb70c00003c1",
              "isHook": false,
              "skipped": false
            },
            {
              "title": "Etape 9 : Coordonnées",
              "fullTitle": "Parcours des pacsés Etape 9 : Coordonnées",
              "timedOut": null,
              "duration": 9695,
              "state": "passed",
              "speed": "slow",
              "pass": true,
              "fail": false,
              "pending": false,
              "context": null,
              "code": "cy.get('#cellPhoneNumber-input').type(jddCelib.cellPhoneNumber).should('have.value', jddCelib.cellPhoneNumber);\ncy.get('#address-input').type(jddCelib.firstName).should('have.value', jddCelib.firstName);\ncy.get('#postalCode-input').type(jddCelib.postalCode).should('have.value', jddCelib.postalCode);\ncy.get('#city-input').select(jddCelib.city).should('have.value', '1927219000');\ncy.get('#countryZone-input').select(jddCelib.countryZone).should('have.value', 'FR');\ncy.get('[data-test=navigator-compact-forward]').click();\ncy.wait(8000);\ncy.url().should('include', '/offers');\ncy.get(\"body\").should('contain', jddCelib.firstName);",
              "err": {},
              "uuid": "baa7faa0-74b6-485b-9a20-d0fdf986676c",
              "parentUUID": "696d5e4b-25b3-4434-a261-fb70c00003c1",
              "isHook": false,
              "skipped": false
            }
          ],
          "suites": [],
          "passes": [
            "bf34174a-f2cf-4069-a6d4-a2e91a51ebaf",
            "b9d492a7-e8f5-4630-843c-59e215c32b9b",
            "f83cb62c-83f2-4ee6-93c1-fa62ee38a91f",
            "e3e10474-6262-4802-8c90-5666b1797e16",
            "6b3bdcab-ff80-44db-b282-3544d35abe58",
            "1b4dc556-d889-4f75-b5e6-3a45fbc1b8b3",
            "603d5361-4901-47d1-96a7-d6828f613a35",
            "b323acbe-b9cc-479e-9c23-e36e9fd42d72",
            "500c18e1-5224-4ccf-9414-82efc590b192",
            "baa7faa0-74b6-485b-9a20-d0fdf986676c"
          ],
          "failures": [],
          "pending": [],
          "skipped": [],
          "duration": 39041,
          "root": false,
          "rootEmpty": false,
          "_timeout": 2000
        }
      ],
      "passes": [],
      "failures": [],
      "pending": [],
      "skipped": [],
      "duration": 0,
      "root": true,
      "rootEmpty": true,
      "_timeout": 2000
    }
  ],
  "meta": {
    "mocha": {
      "version": "7.0.1"
    },
    "mochawesome": {
      "options": {
        "quiet": false,
        "reportFilename": "mochawesome",
        "saveHtml": false,
        "saveJson": true,
        "consoleReporter": "spec",
        "useInlineDiffs": false,
        "code": true
      },
      "version": "6.1.1"
    },
    "marge": {
      "options": {
        "reportDir": "cypress/results",
        "overwrite": false,
        "html": false,
        "json": true
      },
      "version": "5.1.0"
    }
  }
}