{
  "stats": {
    "suites": 1,
    "tests": 12,
    "passes": 12,
    "pending": 0,
    "failures": 0,
    "start": "2020-07-27T12:30:41.731Z",
    "end": "2020-07-27T12:31:19.130Z",
    "duration": 37399,
    "testsRegistered": 12,
    "passPercent": 100,
    "pendingPercent": 0,
    "other": 0,
    "hasOther": false,
    "skipped": 0,
    "hasSkipped": false
  },
  "results": [
    {
      "uuid": "e65fafbd-4bb2-47e8-a76a-9bc0d358e5eb",
      "title": "",
      "fullFile": "cypress\\integration\\Profils\\Pacsé.spec.js",
      "file": "cypress\\integration\\Profils\\Pacsé.spec.js",
      "beforeHooks": [],
      "afterHooks": [],
      "tests": [],
      "suites": [
        {
          "uuid": "54082347-7185-4fad-9547-87ac179720e8",
          "title": "Parcours des mariés",
          "fullFile": "",
          "file": "",
          "beforeHooks": [],
          "afterHooks": [],
          "tests": [
            {
              "title": "ETAPE 1 : Sélection du projet",
              "fullTitle": "Parcours des mariés ETAPE 1 : Sélection du projet",
              "timedOut": null,
              "duration": 12484,
              "state": "passed",
              "speed": "slow",
              "pass": true,
              "fail": false,
              "pending": false,
              "context": null,
              "code": "cy.selectionProjet(jddPacse.projectSelect, jddPacse.amount, jddPacse.creditMaturity);\ncy.get('[data-di-id=di-id-bca9a80c-4fc29f73]').click();\ncy.url().should('include', '/email');\ncy.get(\"h2\").should('contain', 'Découvrez votre offre de prêt de');",
              "err": {},
              "uuid": "736b7444-e51c-4439-a82a-b8500454590f",
              "parentUUID": "54082347-7185-4fad-9547-87ac179720e8",
              "isHook": false,
              "skipped": false
            },
            {
              "title": "ETAPE 2 : Renseignement du mail",
              "fullTitle": "Parcours des mariés ETAPE 2 : Renseignement du mail",
              "timedOut": null,
              "duration": 2853,
              "state": "passed",
              "speed": "slow",
              "pass": true,
              "fail": false,
              "pending": false,
              "context": null,
              "code": "cy.renseignementMail(jddPacse.mail);\ncy.wait(2000);\ncy.get('[data-di-id=\"di-id-8c30ab93-a687b9f3\"]').click();\ncy.url().should('include', '/familysituation');\ncy.get(\"h2\").should('contain', 'Votre situation familiale');",
              "err": {},
              "uuid": "6c765dbb-c6ea-45e8-bd02-8e9831b5fca0",
              "parentUUID": "54082347-7185-4fad-9547-87ac179720e8",
              "isHook": false,
              "skipped": false
            },
            {
              "title": "ETAPE 3 : Renseignement de la situation familiale",
              "fullTitle": "Parcours des mariés ETAPE 3 : Renseignement de la situation familiale",
              "timedOut": null,
              "duration": 570,
              "state": "passed",
              "speed": "slow",
              "pass": true,
              "fail": false,
              "pending": false,
              "context": null,
              "code": "cy.statutMarital(jddPacse.maritalStatus, jddPacse.childNumberPropal);\ncy.get('#yucOptin').click();\ncy.get('[data-test=navigator-compact-forward]').click();\ncy.url().should('include', '/housing');\ncy.get(\"h2\").should('contain', 'Votre logement');",
              "err": {},
              "uuid": "e2037d98-63fc-4ff8-835c-bbec22691b0f",
              "parentUUID": "54082347-7185-4fad-9547-87ac179720e8",
              "isHook": false,
              "skipped": false
            },
            {
              "title": "ETAPE 4 : Renseignement du logement",
              "fullTitle": "Parcours des mariés ETAPE 4 : Renseignement du logement",
              "timedOut": null,
              "duration": 2069,
              "state": "passed",
              "speed": "slow",
              "pass": true,
              "fail": false,
              "pending": false,
              "context": null,
              "code": "cy.statutLogement(jddPacse.housingStatus, jddPacse.housingStatusFromMonth, jddPacse.housingStatusFromYear);\ncy.get('#yucPartnerOptin').click();\ncy.get('[data-test=navigator-compact-forward]').click();\ncy.url().should('include', '/professionalsituation');\ncy.get(\"h2\").should('contain', 'Votre situation professionnelle');",
              "err": {},
              "uuid": "c19c6c36-3623-478a-9090-ff692a95ee00",
              "parentUUID": "54082347-7185-4fad-9547-87ac179720e8",
              "isHook": false,
              "skipped": false
            },
            {
              "title": "ETAPE 5 : Renseignement de la situation professionnelle",
              "fullTitle": "Parcours des mariés ETAPE 5 : Renseignement de la situation professionnelle",
              "timedOut": null,
              "duration": 2050,
              "state": "passed",
              "speed": "slow",
              "pass": true,
              "fail": false,
              "pending": false,
              "context": null,
              "code": "cy.activityPacse(jddPacse.activitySector, jddPacse.profession, jddPacse.pensionFromMonth, jddPacse.pensionFromyear);\ncy.get('[data-test=navigator-compact-forward]').click();\ncy.url().should('include', '/partnerprofession');\ncy.get(\"h2\").should('contain', 'Profession de votre conjoint');",
              "err": {},
              "uuid": "b2aecebc-5548-4fbc-95c0-a29ca875833e",
              "parentUUID": "54082347-7185-4fad-9547-87ac179720e8",
              "isHook": false,
              "skipped": false
            },
            {
              "title": "ETAPE 6 : Renseignement de la profession du conjoint",
              "fullTitle": "Parcours des mariés ETAPE 6 : Renseignement de la profession du conjoint",
              "timedOut": null,
              "duration": 2256,
              "state": "passed",
              "speed": "slow",
              "pass": true,
              "fail": false,
              "pending": false,
              "context": null,
              "code": "cy.activityPartner(jddPacse.partnerActivitySector, jddPacse.partnerProfession, jddPacse.partnerContractType, jddPacse.partnerEmployedFromMonth, jddPacse.partnerEmployedFromYear);\ncy.get('[data-test=navigator-compact-forward]').click();\ncy.url().should('include', '/incomes');\ncy.get(\"h2\").should('contain', 'Vos revenus mensuels');",
              "err": {},
              "uuid": "fab39c59-30f4-4051-85ce-cab73fa18894",
              "parentUUID": "54082347-7185-4fad-9547-87ac179720e8",
              "isHook": false,
              "skipped": false
            },
            {
              "title": "ETAPE 7 : Renseignement des revenus mensuels",
              "fullTitle": "Parcours des mariés ETAPE 7 : Renseignement des revenus mensuels",
              "timedOut": null,
              "duration": 996,
              "state": "passed",
              "speed": "slow",
              "pass": true,
              "fail": false,
              "pending": false,
              "context": null,
              "code": "cy.revenusMensuelsMarie(jddPacse.mainIncome, jddPacse.coIncome, jddPacse.housingAssistance, jddPacse.additionalIncome);\ncy.get('[data-test=navigator-compact-forward]').click();\ncy.url().should('include', '/outcomes');\ncy.get(\"h2\").should('contain', 'Vos charges mensuelles');",
              "err": {},
              "uuid": "1dedfad4-7b90-411b-af9a-9586f83c0033",
              "parentUUID": "54082347-7185-4fad-9547-87ac179720e8",
              "isHook": false,
              "skipped": false
            },
            {
              "title": "ETAPE 8 : Renseignement des charges mensuelles",
              "fullTitle": "Parcours des mariés ETAPE 8 : Renseignement des charges mensuelles",
              "timedOut": null,
              "duration": 601,
              "state": "passed",
              "speed": "slow",
              "pass": true,
              "fail": false,
              "pending": false,
              "context": null,
              "code": "cy.chargesMensuellesPacse(jddPacse.rentAmount, jddPacse.loanCount);\ncy.get('[data-test=navigator-compact-forward]').click();\ncy.url().should('include', '/bank');\ncy.get(\"h2\").should('contain', 'Votre banque');",
              "err": {},
              "uuid": "6e58b963-4780-4d41-92a9-5ed28d9fbd7b",
              "parentUUID": "54082347-7185-4fad-9547-87ac179720e8",
              "isHook": false,
              "skipped": false
            },
            {
              "title": "ETAPE 9 : Renseignement de la banque",
              "fullTitle": "Parcours des mariés ETAPE 9 : Renseignement de la banque",
              "timedOut": null,
              "duration": 1721,
              "state": "passed",
              "speed": "slow",
              "pass": true,
              "fail": false,
              "pending": false,
              "context": null,
              "code": "cy.banque(jddPacse.bank, jddPacse.bankFromYear);\ncy.get('[data-test=navigator-compact-forward]').click();\ncy.url().should('include', '/identity');\ncy.get(\"h2\").should('contain', 'Vos informations');",
              "err": {},
              "uuid": "94274596-abb5-477a-b663-ef12f1e3191e",
              "parentUUID": "54082347-7185-4fad-9547-87ac179720e8",
              "isHook": false,
              "skipped": false
            },
            {
              "title": "ETAPE 10 : Détails identité",
              "fullTitle": "Parcours des mariés ETAPE 10 : Détails identité",
              "timedOut": null,
              "duration": 2252,
              "state": "passed",
              "speed": "slow",
              "pass": true,
              "fail": false,
              "pending": false,
              "context": null,
              "code": "cy.identite(jddPacse.gender, jddPacse.lastName, jddPacse.firstName, jddPacse.dayBirth, jddPacse.monthBirth, jddPacse.yearBirth, jddPacse.postalCode, jddPacse.city);\ncy.get('[data-test=navigator-compact-forward]').click();\ncy.url().should('include', '/partneridentity');\ncy.get(\"h2\").should('contain', 'Les informations de votre conjoint');",
              "err": {},
              "uuid": "35e87307-7363-4bcc-bff0-f7b712f1d22f",
              "parentUUID": "54082347-7185-4fad-9547-87ac179720e8",
              "isHook": false,
              "skipped": false
            },
            {
              "title": "ETAPE 11 : Détails identité du conjoint",
              "fullTitle": "Parcours des mariés ETAPE 11 : Détails identité du conjoint",
              "timedOut": null,
              "duration": 2581,
              "state": "passed",
              "speed": "slow",
              "pass": true,
              "fail": false,
              "pending": false,
              "context": null,
              "code": "cy.partnerIdentity(jddPacse.gender2, jddPacse.lastName2, jddPacse.maidenName, jddPacse.firstName2, jddPacse.dayBirth2, jddPacse.monthBirth2, jddPacse.yearBirth2, jddPacse.postalCode2, jddPacse.city2);\ncy.get('[data-test=navigator-compact-forward]').click();\ncy.url().should('include', '/contact');\ncy.get(\"h2\").should('contain', 'Vos coordonnées');",
              "err": {},
              "uuid": "a6a88e3d-3361-4e0c-a5ba-2616741cfc9e",
              "parentUUID": "54082347-7185-4fad-9547-87ac179720e8",
              "isHook": false,
              "skipped": false
            },
            {
              "title": "ETAPE 12 : Page Contact",
              "fullTitle": "Parcours des mariés ETAPE 12 : Page Contact",
              "timedOut": null,
              "duration": 4869,
              "state": "passed",
              "speed": "slow",
              "pass": true,
              "fail": false,
              "pending": false,
              "context": null,
              "code": "cy.contact(jddPacse.cellPhoneNumber, jddPacse.adress, jddPacse.postalCode, jddPacse.city, jddPacse.countryZone);\ncy.get('[data-test=navigator-compact-forward]').click();\ncy.wait(3000);\ncy.url().should('include', '/offers');",
              "err": {},
              "uuid": "18e97ca0-24d7-4932-89d7-0dde79b2b3f8",
              "parentUUID": "54082347-7185-4fad-9547-87ac179720e8",
              "isHook": false,
              "skipped": false
            }
          ],
          "suites": [],
          "passes": [
            "736b7444-e51c-4439-a82a-b8500454590f",
            "6c765dbb-c6ea-45e8-bd02-8e9831b5fca0",
            "e2037d98-63fc-4ff8-835c-bbec22691b0f",
            "c19c6c36-3623-478a-9090-ff692a95ee00",
            "b2aecebc-5548-4fbc-95c0-a29ca875833e",
            "fab39c59-30f4-4051-85ce-cab73fa18894",
            "1dedfad4-7b90-411b-af9a-9586f83c0033",
            "6e58b963-4780-4d41-92a9-5ed28d9fbd7b",
            "94274596-abb5-477a-b663-ef12f1e3191e",
            "35e87307-7363-4bcc-bff0-f7b712f1d22f",
            "a6a88e3d-3361-4e0c-a5ba-2616741cfc9e",
            "18e97ca0-24d7-4932-89d7-0dde79b2b3f8"
          ],
          "failures": [],
          "pending": [],
          "skipped": [],
          "duration": 35302,
          "root": false,
          "rootEmpty": false,
          "_timeout": 2000
        }
      ],
      "passes": [],
      "failures": [],
      "pending": [],
      "skipped": [],
      "duration": 0,
      "root": true,
      "rootEmpty": true,
      "_timeout": 2000
    }
  ],
  "meta": {
    "mocha": {
      "version": "7.0.1"
    },
    "mochawesome": {
      "options": {
        "quiet": false,
        "reportFilename": "mochawesome",
        "saveHtml": false,
        "saveJson": true,
        "consoleReporter": "spec",
        "useInlineDiffs": false,
        "code": true
      },
      "version": "6.1.1"
    },
    "marge": {
      "options": {
        "reportDir": "cypress/results",
        "overwrite": false,
        "html": false,
        "json": true
      },
      "version": "5.1.0"
    }
  }
}